17	8
31	43
53	3
66	13
103	4
112	36
114	9
127	6
128	4
136	4
145	5
146	2
149	90
157	4
162	2
176	26
184	201
193	5
199	5
215	6
220	4
222	2
237	2
242	4
246	4
258	1
262	5
263	1
264	46
267	2
269	2
270	13
271	20
279	4
285	8
286	4
287	12
288	74
292	1
294	1
295	5
308	10
315	4
317	8
318	8
321	1
322	3
323	2
324	1
325	3
326	1
328	1
329	4
364	4
370	9
371	5
373	2
374	5
381	8
391	6
408	6
411	2
420	5
426	1
427	3
428	1
429	2
445	2
447	4
448	20
458	77
469	4
494	1
496	5
505	5
514	80
527	5
535	3
539	2
558	4
597	4
598	3
600	6
603	3
604	5
621	4
624	4
630	4
642	5
644	13
650	8
653	2
657	2
660	4
665	28
672	3
673	2
677	5
686	4
687	1
691	5
693	3
699	2
710	3
714	5
724	3
725	3
732	4
735	16
744	6
746	29
752	5
760	3
765	2
779	8
788	2
797	3
802	9
828	3
848	3
852	10
858	41
882	4
883	9
911	10
912	4
921	27
929	2
949	43
957	145
959	5
998	4
1026	222
1040	1
1041	3
1044	130
1054	3
1077	2
1078	4
1107	3
1108	4
1110	10
1111	8
1117	5
1140	2
1141	4
1154	1
1162	2
1167	22
1174	2
1204	4
1205	5
1210	226
1217	5
1219	4
1225	2
1245	3
1266	13
1276	5
1284	5
1285	5
1295	105
1297	4
1304	5
1305	54
1311	4
1316	2
1321	3
1322	4
1323	3
1324	5
1333	4
1340	8
1342	5
1353	2
1361	22
1364	5
1368	5
1378	2
1380	4
1397	3
1409	3
1418	7
1419	2
1425	3
1442	3
1459	5
1463	4
1466	3
1476	4
1477	4
1480	7
1506	5
1532	5
1535	4
1546	4
1550	5
1560	1
1566	4
1568	14
1575	3
1591	4
1602	4
1618	4
1642	110
1643	5
1649	4
1658	20
1659	3
1660	6
1672	4
1685	3
1694	198
1703	8
1722	5
1742	6
1743	2
1754	4
1766	3
1767	2
1769	4
1789	11
1791	8
1801	3
1808	3
1812	3
1815	5
1819	5
1834	5
1835	4
1849	3
1858	5
1891	17
1897	14
1898	188
1915	2
1919	2
1923	9
1925	14
1929	3
1930	229
1935	2
1960	3
1964	10
1965	2
1970	5
1990	4
1992	3
1997	4
2000	7
2051	4
2052	9
2062	2
2063	7
2068	5
2086	4
2088	3
2089	9
2097	114
2101	25
2102	3
2105	5
2122	3
2146	4
2147	5
2158	3
2165	10
2166	5
2169	2
2170	10
2174	2
2176	2
2178	4
2183	5
2186	5
2189	20
2213	5
2214	8
2216	200
2236	8
2241	5
2260	9
2273	12
2277	3
2287	4
2297	4
2306	18
2307	16
2312	3
2313	3
2314	7
2315	9
2327	5
2328	3
2330	4
2338	4
2340	8
2343	5
2354	4
2356	65
2359	2
2371	19
2373	1
2374	4
2377	3
2381	30
2383	1
2389	11
2392	3
2404	4
2413	5
2438	5
2439	5
2441	4
2447	4
2454	3
2462	4
2470	4
2473	4
2479	2
2488	4
2507	1
2516	4
2522	2
2531	4
2543	4
2558	8
2560	8
2565	27
2566	8
2568	3
2571	3
2580	4
2583	5
2584	6
2588	10
2589	6
2593	237
2598	4
2603	4
2604	5
2606	9
2611	36
2614	5
2635	3
2639	5
2646	1
2653	14
2692	4
2699	4
2712	4
2714	5
2722	4
2725	180
2729	15
2740	4
2741	8
2745	5
2750	13
2769	3
2776	29
2790	3
2797	2
2828	2
2831	47
2840	5
2842	2
2847	5
2854	5
2858	5
2865	3
2874	5
2875	3
2880	9
2884	5
2890	3
2891	3
2893	4
2908	4
2911	11
2920	5
2937	2
2953	9
2958	4
2965	2
2970	2
2982	4
2987	11
3013	4
3027	3
3032	3
3040	4
3046	6
3065	5
3071	6
3082	4
3102	28
3121	5
3126	16
3162	4
3163	2
3169	2
3174	4
3181	4
3182	4
3184	5
3186	15
3194	5
3196	2
3197	1
3199	3
3226	4
3234	95
3238	7
3255	5
3256	16
3257	2
3265	5
3269	14
3270	4
3273	4
3284	21
3297	5
3319	4
3329	5
3340	5
3362	1
3363	3
3370	4
3377	3
3379	2
3385	2
3386	4
3389	81
3398	2
3399	8
3400	5
3405	8
3407	132
3411	5
3416	3
3420	3
3428	2
3432	20
3436	3
3437	3
3445	4
3449	5
3456	2
3457	8
3487	32
3492	9
3493	3
3499	20
3501	5
3508	70
3519	3
3524	2
3527	2
3528	4
3546	4
3561	4
3570	4
3575	5
3577	3
3582	3
3584	3
3585	2
3590	2
3598	10
3601	33
3617	4
3630	4
3633	3
3639	6
3656	5
3679	5
3689	9
3696	4
3715	3
3718	8
3724	2
3728	2
3729	2
3731	7
3736	49
3738	3
3757	5
3766	25
3772	3
3773	2
3774	5
3776	2
3794	3
3798	114
3808	2
3809	9
3824	2
3827	9
3843	3
3844	4
3870	7
3871	3
3895	96
3897	5
3899	5
3900	3
3901	4
3937	3
3939	4
3940	8
3942	4
3946	1
3954	2
3956	2
3965	2
3981	4
3983	9
3996	4
4006	3
4015	5
4020	5
4028	5
4029	2
4034	3
4040	2
4042	4
4043	2
4044	9
4055	3
4056	5
4058	4
4059	4
4065	7
4080	3
4096	8
4099	59
4101	2
4104	4
4113	4
4114	5
4122	8
4123	8
4150	12
4151	3
4166	13
4182	71
4188	85
4191	5
4195	7
4199	179
4224	4
4230	3
4235	4
4245	3
4252	9
4262	7
4270	13
4272	2
4273	2
4274	3
4283	2
4284	3
4285	3
4289	5
4294	3
4304	5
4305	4
4311	5
4313	2
4317	4
4333	3
4343	4
4347	4
4348	4
4370	8
4371	9
4378	4
4390	13
4392	5
4397	3
4401	2
4403	9
4405	3
4410	5
4411	5
4435	5
4436	5
4439	4
4441	3
4445	8
4451	5
4458	222
4466	4
4467	2
4484	3
4486	3
4504	3
4505	4
4508	3
4509	4
4512	2
4514	3
4522	1
4523	2
4530	17
4531	1
4552	8
4558	6
4561	9
4562	49
4566	9
4569	6
4570	6
4571	11
4602	4
4608	2
4613	3
4619	4
4628	4
4648	4
4660	3
4667	63
4669	7
4679	13
4682	7
4683	7
4685	2
4691	9
4692	4
4696	7
4700	20
4714	5
4761	5
4788	4
4789	117
4796	4
4804	4
4807	5
4810	5
4815	2
4817	2
4823	2
4828	1
4872	9
4878	2
4884	5
4885	5
4894	3
4899	5
4904	5
4905	3
4912	2
4973	7
4977	3
4989	4
5022	5
5046	4
5048	2
5053	3
5058	12
5061	5
5067	3
5077	6
5100	5
5104	1
5117	2
5119	4
5132	2
5146	75
5149	5
5161	5
5162	2
5174	3
5177	8
5188	2
5200	3
5207	13
5216	5
5218	5
5222	4
5227	4
5243	12
5260	4
5267	22
5268	6
5269	3
5271	2
5272	3
5279	38
5290	4
5296	4
5298	4
5300	4
5313	3
5321	5
5331	4
5353	4
5357	5
5367	3
5373	17
5379	4
5402	5
5425	10
5427	10
5429	13
5432	10
5438	9
5464	2
5490	3
5492	2
5546	5
5547	5
5548	2
5550	4
5590	3
5591	3
5606	13
5611	4
5613	97
5617	115
5634	5
5643	5
5646	2
5651	8
5654	2
5655	4
5664	27
5666	47
5667	18
5669	109
5671	6
5676	9
5685	8
5691	2
5692	5
5695	2
5696	4
5702	4
5711	8
5715	18
5718	3
5719	2
5731	6
5734	2
5735	11
5754	7
5766	4
5780	5
5781	4
5785	5
5789	12
5805	4
5816	5
5818	4
5840	4
5845	2
5846	7
5847	4
5853	2
5858	4
5864	3
5865	3
5871	4
5887	4
5897	4
5908	30
5917	7
5920	11
5943	5
5956	2
5959	3
5964	18
5965	15
5995	6
6000	5
6004	6
6005	4
6007	10
6014	6
6016	13
6019	5
6021	2
6026	47
6028	2
6031	3
6038	3
6041	3
6045	3
6052	4
6100	2
6103	11
6107	3
6110	4
6129	4
6130	15
6131	7
6132	1
6133	7
6134	1
6135	17
6136	13
6137	3
6138	5
6139	6
6142	27
6147	3
6154	4
6159	8
6165	4
6177	5
6178	2
6180	67
6190	3
6212	5
6222	57
6228	2
6229	9
6237	2
6245	2
6254	1
6260	5
6272	2
6276	4
6278	5
6281	2
6282	4
6287	5
6289	5
6293	4
6298	4
6314	2
6316	7
6320	3
6338	4
6343	4
6344	9
6345	5
6350	2
6351	2
6371	5
6382	11
6390	2
6397	2
6410	2
6411	5
6414	3
6436	2
6438	1
6455	5
6458	5
6462	5
6466	5
6467	4
6470	1
6476	8
6477	3
6494	235
6497	8
6498	9
6504	5
6508	4
6509	2
6513	1
6535	8
6538	11
6550	27
6558	6
6560	5
6564	8
6566	4
6568	4
6569	4
6571	2
6585	3
6587	12
6593	3
6604	2
6608	2
6609	61
6615	14
6618	50
6635	15
6638	4
6644	13
6646	9
6648	46
6649	69
6653	2
6655	22
6656	2
6657	3
6668	1
6669	8
6678	5
6685	2
6701	1
6704	2
6710	4
6720	22
6721	5
6731	156
6734	3
6743	3
6772	4
6773	7
6775	3
6776	5
6787	9
6797	10
6815	4
6818	4
6819	8
6834	14
6840	10
6841	41
6844	1
6847	4
6850	5
6872	3
6874	11
6875	6
6880	4
6882	4
6883	13
6905	19
6941	5
6949	13
6959	5
6962	4
6968	4
6973	3
6978	4
6980	2
6995	4
7013	4
7024	9
7036	5
7047	4
7053	6
7054	5
7055	4
7056	4
7064	3
7067	5
7084	4
7085	5
7116	5
7117	2
7125	70
7131	1
7133	5
7135	29
7149	2
7153	1
7154	12
7158	11
7161	9
7165	41
7178	2
7183	3
7185	3
7186	5
7187	3
7188	3
7191	44
7194	5
7207	10
7222	4
7223	3
7224	2
7233	5
7250	4
7251	4
7265	39
7295	13
7297	36
7306	8
7307	33
7320	3
7326	3
7334	5
7335	4
7363	150
7367	8
7370	2
7371	7
7373	4
7403	18
7429	3
7436	4
7472	21
7476	1
7477	1
7478	1
7479	1
7491	83
7496	10
7500	3
7501	3
7504	50
7506	16
7508	41
7509	46
7511	10
7514	2
7528	4
7533	5
7551	2
7554	5
7559	4
7589	5
7595	3
7596	6
7650	4
7658	2
7716	5
7717	4
7748	1
7759	248
7761	5
7776	6
7787	4
7789	54
7798	1
7814	2
7842	4
7848	5
7853	14
7866	4
7872	3
7879	4
7881	5
7883	2
7906	8
7924	2
7926	5
7932	1
7934	1
7935	15
7938	4
7946	2
7949	4
7950	1
7971	4
7973	2
7983	5
7984	5
7993	6
7994	10
7996	3
8011	12
8017	2
8019	4
8031	2
8051	2
8054	9
8055	28
8056	2
8057	21
8058	11
8060	8
8070	2
8094	3
8105	2
8115	2
8124	4
8125	4
8141	5
8151	4
8159	116
8177	2
8178	4
8180	4
8181	7
8199	4
8207	3
8208	6
8218	5
8241	4
8274	1
8277	4
8278	8
8332	4
8350	4
8371	4
8391	103
8426	1
8457	14
8466	5
8468	9
8474	3
8481	2
8522	2
8530	3
8553	1
8562	19
8573	2
8574	4
8586	4
8592	4
8593	5
8620	3
8628	3
8629	7
8635	2
8640	5
8657	2
8668	3
8674	4
8686	5
8732	5
8742	5
8746	32
8748	2
8773	3
8784	10
8794	5
8796	2
8803	11
8812	3
8856	2
8869	188
8908	2
8911	3
8912	7
8914	4
8916	9
8918	2
8920	4
8983	5
9048	4
9049	4
9051	2
9084	5
9094	3
9100	3
9101	3
9119	2
9140	13
9151	2
9172	3
9179	21
9183	2
9190	4
9198	12
9204	3
9239	4
9250	4
9257	5
9268	9
9289	10
9301	261
9316	3
9317	4
9324	4
9354	134
9359	7
9408	6
9410	4
9479	9
9496	5
9501	8
9511	5
9518	7
9539	8
9563	12
9574	4
9586	4
9587	13
9606	3
9613	4
9614	6
9668	3
9674	2
9680	2
9689	4
9694	3
9703	7
9713	5
9720	1
9721	4
9751	5
9764	3
9783	20
9812	11
9831	6
9836	2
9839	3
9843	5
9865	2
9872	9
9874	1
9892	2
9893	1
9894	4
9898	7
9945	3
9970	2
9991	6
9994	3
9996	5
10025	2
10047	4
10049	2
10073	3
10116	3
10132	4
10137	4
10147	27
10156	3
10188	2
10189	6
10213	8
10216	4
10219	4
10221	5
10222	5
10232	5
10237	5
10284	8
10290	8
10300	11
10311	12
10323	140
10324	2
10342	1
10351	10
10361	3
10395	12
10399	4
10416	3
10439	4
10441	4
10452	3
10469	4
10480	3
10481	13
10504	2
10528	5
10541	5
10563	5
10577	4
10578	5
10619	5
10642	3
10661	5
10682	3
10726	3
10727	2
10738	4
10756	5
10771	3
10790	5
10793	203
10803	9
10813	5
10861	51
10862	4
10868	1
10878	5
10888	23
10895	11
10904	12
10933	3
10948	5
10959	1
10962	8
10974	3
10975	1
10978	2
10979	9
10984	1
10997	2
11027	3
11042	3
11057	4
11074	5
11092	4
11095	171
11120	10
11130	4
11157	107
11187	4
11191	10
11220	4
11298	9
11302	2
11316	8
11344	7
11362	9
11366	21
11371	4
11380	11
11392	3
11393	5
11409	3
11413	8
11431	20
11435	4
11454	2
11456	4
11499	2
11506	5
11515	4
11530	4
11535	5
11539	4
11551	10
11554	28
11555	3
11576	3
11599	21
11601	2
11649	4
11686	2
11687	5
11712	3
11723	3
11728	120
11767	6
11775	7
11780	2
11784	2
11792	3
11804	4
11811	3
11826	5
11827	5
11831	5
11887	4
11892	5
11896	3
11897	3
11903	3
11915	2
11918	10
11930	5
11939	4
11944	12
11945	8
11951	9
11960	2
11998	5
12020	3
12049	1
12070	5
12083	5
12093	5
12118	4
12120	2
12162	4
12166	4
12168	5
12174	10
12176	4
12178	9
12187	3
12193	5
12215	6
12227	2
12230	20
12254	3
12270	7
12282	2
12308	3
12336	2
12356	3
12362	4
12377	4
12391	5
12400	14
12409	5
12415	3
12423	3
12438	206
12448	4
12450	5
12466	38
12468	3
12474	3
12475	4
12480	4
12494	208
12500	8
12505	1
12512	2
12513	3
12523	6
12529	5
12534	5
12567	2
12621	4
12623	8
12624	4
12625	1
12628	2
12644	3
12648	7
12655	4
12667	5
12694	4
12712	4
12728	5
12734	21
12736	5
12744	5
12746	9
12752	5
12753	4
12783	4
12809	4
12825	3
12837	1
12857	3
12865	5
12867	4
12873	4
12889	3
12890	9
12899	3
12929	4
12940	105
12942	5
12951	1
12958	12
12960	5
12972	6
12973	3
12984	4
12988	4
12991	2
12995	8
12998	4
13004	8
13023	4
13024	4
13049	4
13060	1
13068	4
13124	2
13148	4
13181	5
13190	8
13196	6
13227	6
13251	4
13282	4
13284	5
13291	5
13294	3
13301	5
13362	1
13378	2
13386	9
13392	4
13393	8
13395	9
13402	6
13403	5
13424	3
13428	5
13443	4
13450	3
13489	7
13504	4
13506	4
13509	1
13510	4
13515	4
13536	7
13544	6
13546	18
13549	4
13576	2
13588	1
13589	3
13601	5
13617	3
13641	2
13643	8
13655	5
13657	5
13705	3
13723	4
13724	1
13732	4
13742	5
13744	4
13745	2
13753	5
13772	4
13791	5
13805	4
13810	3
13812	5
13817	3
13828	3
13843	7
13856	5
13865	2
13868	1
13884	3
13908	12
13943	2
13955	8
13963	4
13971	3
13992	5
14013	3
14017	4
14035	5
14053	2
14062	11
14079	2
14080	4
14081	10
14083	5
14090	3
14098	5
14107	1
14111	3
14153	3
14161	5
14229	90
14233	119
14246	5
14279	4
14289	117
14294	1
14303	7
14327	61
14333	4
14355	4
14360	3
14361	3
14369	3
14370	8
14376	4
14382	5
14429	4
14432	5
14435	156
14439	2
14448	4
14456	4
14457	4
14472	1
14473	5
14492	4
14527	4
14530	4
14541	6
14552	5
14607	2
14619	5
14630	22
14631	13
14634	4
14637	5
14643	1
14646	20
14676	3
14684	4
14685	3
14691	5
14710	2
14714	14
14720	9
14722	4
14723	4
14734	5
14735	5
14740	5
14746	9
14751	5
14753	2
14756	4
14761	35
14798	4
14801	3
14809	2
14826	5
14834	4
14845	8
14874	5
14893	5
14897	5
14909	2
14914	7
14921	31
14927	5
14941	5
14964	5
14970	2
14976	8
14980	5
14998	4
14999	3
15015	3
15020	4
15023	4
15029	4
15040	5
15050	10
15065	3
15068	5
15098	3
15130	6
15150	2
15178	12
15182	3
15189	5
15216	7
15240	14
15246	12
15313	4
15358	3
15361	9
15362	5
15380	2
15396	5
15427	2
15444	19
15453	2
15466	4
15491	3
15498	5
15507	150
15521	4
15540	39
15546	2
15548	3
15551	2
15560	2
15562	3
15565	5
15575	5
15580	16
15590	8
15599	12
15604	5
15624	2
15648	3
15659	62
15678	3
15679	4
15685	7
15698	4
15707	4
15708	1
15716	10
15744	9
15753	5
15792	2
15809	7
15838	5
15846	4
15847	5
15862	5
15874	5
15890	2
15900	4
15916	7
15954	9
16048	5
16052	4
16053	3
16059	5
16074	3
16099	4
16119	3
16124	4
16132	5
16135	264
16142	5
16167	5
16174	15
16178	4
16189	12
16199	4
16203	4
16225	5
16228	56
16242	3
16245	2
16268	3
16278	2
16289	3
16299	3
16337	2
16340	3
16341	3
16360	2
16374	4
16378	5
