14	4
17	8
21	3
29	9
31	22
66	12
73	2
86	3
88	3
96	5
97	4
112	47
123	5
127	25
149	112
154	4
158	5
176	24
184	4
186	5
207	4
215	7
217	2
242	7
258	2
264	66
271	26
279	5
282	5
287	9
291	8
296	4
301	3
308	5
311	3
315	4
316	2
318	9
321	1
323	2
325	1
326	1
328	1
329	9
330	1
331	1
332	2
333	44
342	2
371	4
377	5
380	5
402	10
421	1
428	9
429	9
439	4
445	1
448	27
458	79
466	4
467	4
478	4
479	6
490	13
491	3
494	11
496	3
497	16
502	4
507	202
511	4
514	108
539	4
562	3
565	3
573	9
590	5
592	15
601	1
602	5
603	2
618	4
621	3
632	8
638	5
644	7
647	1
650	4
661	6
665	3
672	2
673	3
677	7
690	5
693	6
697	5
698	3
705	4
714	5
721	3
722	3
723	8
724	9
731	7
735	43
746	34
762	8
769	3
797	3
808	1
820	9
835	1
857	5
858	23
876	3
882	5
883	4
891	5
911	5
921	49
938	4
949	88
950	5
957	142
959	5
964	5
976	5
977	5
996	7
1026	232
1027	5
1032	4
1033	5
1040	2
1052	2
1054	28
1057	5
1077	5
1078	4
1098	5
1103	5
1111	11
1112	5
1147	1
1155	6
1162	3
1167	39
1188	5
1200	5
1204	5
1210	210
1217	5
1218	2
1220	5
1246	3
1250	3
1264	5
1266	24
1288	9
1295	43
1297	6
1305	78
1321	2
1344	3
1351	4
1353	8
1356	4
1358	5
1359	5
1361	9
1363	5
1364	2
1368	2
1373	2
1378	4
1380	5
1390	2
1393	2
1395	5
1407	3
1409	4
1413	3
1416	3
1418	16
1419	1
1432	5
1433	5
1442	5
1444	3
1459	16
1463	7
1472	4
1476	5
1477	4
1480	10
1483	2
1488	5
1494	2
1500	8
1508	3
1521	2
1526	3
1535	26
1541	2
1568	3
1574	5
1575	3
1583	4
1619	5
1624	4
1626	5
1629	2
1634	4
1642	119
1648	2
1649	5
1659	2
1662	5
1685	3
1687	4
1702	3
1703	4
1718	4
1724	4
1735	3
1742	6
1743	4
1746	4
1747	4
1750	5
1751	1
1786	5
1789	4
1792	1
1814	4
1819	5
1825	3
1830	3
1835	4
1839	2
1846	10
1849	5
1854	2
1868	5
1891	16
1897	6
1898	215
1908	4
1910	2
1916	5
1919	3
1923	3
1925	13
1929	3
1930	228
1934	5
1940	4
1964	1
1976	5
2022	3
2025	4
2028	9
2031	4
2038	3
2050	2
2052	4
2055	4
2068	6
2089	16
2092	3
2094	5
2105	9
2114	5
2128	4
2147	3
2159	5
2166	5
2169	6
2170	5
2178	2
2183	5
2186	6
2189	12
2201	1
2213	14
2216	202
2218	5
2222	5
2253	3
2260	9
2273	27
2292	5
2305	1
2307	34
2315	14
2321	2
2328	8
2331	4
2340	3
2356	51
2357	17
2359	5
2371	13
2373	2
2375	2
2381	26
2382	7
2393	8
2402	10
2412	5
2432	3
2433	2
2440	5
2441	9
2443	5
2444	3
2454	5
2458	5
2463	4
2469	11
2470	9
2473	3
2478	3
2495	4
2496	5
2515	4
2554	4
2558	4
2565	10
2566	11
2568	4
2575	4
2577	4
2578	4
2583	7
2584	3
2588	2
2589	14
2593	201
2611	25
2616	8
2617	4
2624	5
2627	4
2628	5
2635	6
2636	2
2638	4
2646	3
2653	5
2654	5
2676	4
2682	5
2693	5
2703	4
2709	2
2711	7
2712	5
2725	225
2729	12
2737	2
2740	9
2741	13
2750	20
2755	15
2763	4
2776	28
2787	4
2789	5
2797	3
2800	9
2805	3
2812	5
2816	3
2818	5
2831	44
2837	8
2854	9
2874	1
2880	4
2884	5
2890	3
2891	5
2893	3
2907	4
2910	7
2916	1
2918	4
2919	5
2922	4
2930	4
2937	2
2939	3
2953	17
2958	5
2964	2
2965	4
2986	2
2987	34
2993	4
3027	2
3029	8
3040	20
3046	15
3061	2
3065	5
3066	5
3071	12
3076	5
3080	4
3085	3
3088	5
3102	9
3105	10
3112	10
3124	15
3126	2
3127	5
3133	3
3148	3
3154	2
3169	3
3180	4
3186	8
3197	3
3211	8
3218	2
3234	98
3238	19
3243	1
3247	10
3256	8
3257	6
3260	2
3267	3
3268	2
3269	29
3270	10
3272	5
3274	3
3284	11
3296	6
3297	5
3302	4
3305	3
3314	6
3320	5
3329	7
3362	4
3367	5
3370	3
3386	4
3389	51
3397	2
3398	7
3399	14
3400	4
3407	93
3408	2
3411	6
3432	5
3436	1
3443	2
3449	4
3457	12
3464	1
3487	17
3490	5
3492	4
3493	6
3499	14
3504	5
3506	5
3508	55
3511	5
3524	2
3528	4
3546	3
3547	3
3548	4
3560	3
3562	5
3570	4
3580	4
3583	5
3585	2
3588	6
3600	3
3601	42
3609	6
3618	6
3630	5
3639	9
3642	4
3645	3
3656	3
3669	7
3675	4
3682	5
3689	5
3697	5
3707	5
3710	2
3718	13
3721	9
3724	1
3729	2
3731	12
3736	11
3763	12
3766	46
3770	4
3773	1
3774	5
3779	2
3781	4
3791	8
3797	5
3799	3
3800	4
3808	4
3809	7
3812	5
3819	2
3827	7
3847	3
3849	3
3855	5
3857	4
3870	13
3884	5
3895	92
3897	2
3903	4
3907	3
3910	5
3921	4
3927	4
3932	4
3933	8
3939	4
3940	3
3952	4
3958	5
3964	8
3977	4
3983	18
3995	8
3998	3
4012	4
4015	4
4022	2
4029	5
4035	5
4040	3
4043	4
4044	5
4059	12
4065	4
4069	10
4090	235
4091	5
4099	43
4101	4
4104	22
4105	4
4111	4
4123	3
4129	4
4136	4
4151	8
4159	14
4161	4
4166	13
4183	30
4189	11
4190	1
4193	2
4197	2
4199	157
4200	2
4204	9
4229	3
4230	5
4251	5
4252	8
4257	4
4272	2
4274	9
4280	4
4284	25
4292	2
4294	15
4296	5
4304	3
4310	3
4321	3
4334	4
4348	4
4349	2
4370	4
4371	5
4372	5
4390	16
4403	5
4412	4
4430	4
4436	10
4438	5
4442	5
4449	3
4458	202
4460	3
4473	4
4496	5
4505	4
4513	1
4522	2
4524	4
4531	1
4532	3
4534	1
4535	9
4536	6
4550	5
4552	3
4556	4
4558	3
4560	8
4561	91
4562	4
4567	18
4568	24
4577	4
4597	4
4612	4
4667	17
4679	5
4691	14
4694	4
4696	15
4698	2
4700	49
4730	3
4758	9
4775	5
4785	5
4789	74
4790	8
4808	2
4809	3
4828	2
4829	3
4838	4
4839	4
4851	4
4855	4
4857	3
4859	2
4884	9
4907	9
4912	14
4918	4
4950	1
4973	14
4975	5
5022	4
5023	5
5030	8
5034	5
5040	4
5044	4
5046	4
5050	5
5051	8
5053	11
5058	2
5060	8
5070	2
5072	5
5077	10
5105	2
5110	2
5146	92
5150	9
5162	2
5172	2
5200	2
5207	31
5208	2
5213	3
5218	2
5220	3
5231	4
5233	12
5236	6
5239	5
5243	2
5260	6
5266	1
5267	26
5268	4
5269	3
5270	67
5272	4
5278	1
5279	5
5290	8
5300	6
5313	18
5314	4
5330	6
5332	2
5336	5
5353	5
5355	5
5357	2
5368	3
5373	4
5374	3
5386	6
5402	9
5407	4
5427	39
5429	4
5430	2
5435	74
5437	21
5439	6
5464	5
5474	4
5480	1
5490	3
5524	4
5527	12
5530	5
5540	6
5547	5
5548	3
5550	5
5555	4
5588	1
5590	3
5591	5
5593	4
5602	4
5612	4
5613	55
5617	111
5621	3
5633	2
5635	4
5643	7
5646	4
5662	4
5664	9
5667	33
5669	95
5670	7
5683	3
5712	2
5715	17
5718	9
5727	3
5734	4
5743	4
5767	5
5775	4
5778	5
5780	2
5781	4
5788	4
5789	28
5810	4
5820	4
5841	3
5845	4
5879	5
5889	3
5892	4
5908	13
5922	3
5926	3
5939	4
5943	4
5958	5
5960	5
5964	3
5968	7
5983	2
5984	4
5989	2
5993	3
5995	4
5997	3
5999	4
6002	1
6004	6
6005	2
6007	3
6014	11
6016	14
6020	4
6026	87
6027	5
6052	3
6064	5
6066	4
6081	4
6095	4
6098	7
6099	32
6101	3
6107	14
6113	5
6117	9
6124	4
6128	3
6131	1
6132	10
6134	17
6136	3
6137	24
6139	15
6155	15
6156	4
6159	2
6163	3
6168	2
6175	1
6180	48
6182	2
6192	4
6199	5
6212	24
6215	9
6218	9
6222	3
6229	5
6237	5
6240	7
6247	12
6255	2
6260	4
6272	3
6278	2
6279	3
6281	7
6298	3
6313	4
6329	1
6331	8
6340	2
6343	2
6346	5
6373	4
6384	5
6392	5
6395	3
6403	4
6406	3
6411	5
6414	5
6438	2
6455	7
6467	4
6470	9
6477	4
6494	66
6497	9
6504	4
6509	1
6510	3
6513	6
6535	4
6550	15
6569	4
6571	8
6587	9
6593	7
6604	1
6609	71
6610	7
6612	1
6615	8
6618	50
6623	9
6625	5
6627	4
6634	5
6654	3
6655	4
6668	4
6669	4
6682	3
6684	3
6686	3
6689	3
6701	4
6702	4
6708	5
6712	2
6720	8
6727	11
6731	236
6752	5
6754	2
6776	5
6791	5
6794	5
6797	2
6819	4
6825	3
6833	7
6840	7
6842	84
6846	5
6847	7
6863	5
6879	4
6883	21
6893	5
6896	20
6900	1
6901	6
6903	3
6919	3
6922	4
6933	2
6941	17
6949	11
6957	9
6959	18
6967	4
6972	2
6980	2
7003	3
7013	5
7023	4
7024	15
7027	4
7033	4
7037	5
7045	3
7053	12
7055	5
7064	2
7072	5
7084	15
7085	14
7093	4
7097	230
7099	4
7117	9
7122	5
7125	14
7129	1
7131	17
7135	30
7149	4
7154	16
7158	9
7165	17
7166	5
7167	1
7178	7
7181	21
7185	2
7186	1
7190	8
7191	11
7195	4
7207	9
7212	5
7230	8
7265	45
7282	2
7285	4
7295	27
7296	1
7297	33
7300	7
7307	25
7308	66
7309	3
7311	1
7317	1
7331	4
7332	3
7334	3
7336	4
7363	25
7366	6
7368	5
7373	10
7375	4
7394	4
7403	19
7405	3
7426	2
7431	2
7438	7
7447	6
7456	4
7461	2
7465	1
7468	5
7472	9
7476	2
7489	8
7491	221
7494	6
7495	4
7496	7
7499	4
7500	8
7507	50
7519	4
7535	5
7563	5
7584	5
7585	5
7586	4
7589	8
7595	4
7598	5
7608	2
7650	5
7680	15
7705	5
7714	8
7716	4
7748	2
7759	271
7766	1
7776	5
7781	4
7787	1
7789	43
7799	3
7800	2
7801	16
7832	6
7839	3
7842	3
7852	4
7853	5
7872	9
7876	5
7877	9
7879	12
7881	10
7904	2
7906	18
7922	1
7935	2
7941	3
7947	5
7950	5
7967	4
7969	3
7971	5
7978	6
7984	2
7993	4
7996	6
7997	3
8011	13
8040	5
8045	4
8050	2
8055	27
8056	22
8057	2
8058	4
8060	5
8065	4
8070	4
8071	3
8078	4
8085	9
8094	5
8110	130
8111	3
8112	4
8117	4
8120	1
8132	5
8141	4
8143	3
8159	163
8170	10
8208	3
8211	5
8218	5
8220	4
8233	5
8256	4
8266	3
8344	5
8361	4
8371	5
8419	5
8426	2
8427	5
8450	3
8456	2
8468	8
8469	4
8482	5
8483	2
8488	5
8503	5
8522	2
8529	4
8559	3
8560	6
8562	23
8576	5
8592	15
8593	9
8606	3
8618	4
8625	6
8635	2
8646	3
8647	4
8672	3
8693	9
8702	4
8724	3
8729	5
8730	4
8745	8
8746	26
8760	4
8761	5
8766	5
8772	2
8774	2
8784	9
8794	6
8796	2
8803	4
8837	10
8849	4
8856	11
8869	205
8876	4
8897	1
8908	10
8916	4
8918	1
8922	4
8964	4
9025	3
9038	4
9045	3
9078	3
9082	3
9118	3
9139	2
9140	13
9151	2
9172	17
9179	12
9198	36
9201	4
9210	4
9274	5
9282	5
9285	2
9294	2
9301	252
9318	5
9354	113
9363	4
9366	4
9374	4
9449	3
9476	20
9479	4
9492	2
9501	31
9507	5
9512	6
9515	2
9518	22
9528	4
9531	2
9546	2
9563	4
9564	8
9566	13
9574	3
9612	5
9614	1
9684	3
9689	5
9694	4
9701	2
9703	2
9713	5
9720	4
9721	4
9742	5
9759	5
9772	9
9783	5
9802	4
9804	3
9812	9
9831	1
9838	4
9872	2
9878	5
9884	2
9893	3
9904	1
9912	7
9916	4
9932	7
9935	1
9939	5
9944	3
9945	2
9956	4
9961	5
9976	2
9981	4
9997	5
10005	4
10049	1
10063	4
10116	3
10120	12
10136	4
10147	44
10176	15
10182	2
10198	2
10223	2
10250	5
10254	4
10273	9
10311	13
10323	233
10351	4
10359	14
10360	4
10361	8
10362	5
10395	55
10398	9
10399	4
10439	5
10460	5
10564	2
10566	5
10567	4
10576	4
10644	3
10726	7
10727	2
10764	1
10769	4
10775	3
10798	4
10803	4
10813	4
10828	4
10861	43
10868	4
10876	4
10888	30
10895	4
10904	14
10907	4
10932	4
10959	14
10970	3
10971	4
10977	5
10993	2
10997	18
11016	4
11028	4
11030	5
11043	2
11051	3
11053	5
11061	2
11062	4
11092	3
11107	5
11109	4
11121	5
11184	4
11200	5
11202	5
11210	5
11236	4
11268	4
11279	3
11298	9
11302	4
11321	6
11329	2
11344	14
11360	5
11366	21
11373	2
11380	6
11387	5
11404	5
11410	5
11413	17
11429	5
11431	32
11435	3
11438	5
11471	6
11476	5
11487	4
11499	4
11507	7
11514	5
11519	1
11535	4
11551	14
11554	43
11559	4
11576	8
11577	2
11578	2
11599	22
11601	6
11644	3
11657	5
11684	14
11686	12
11712	2
11723	1
11766	5
11767	8
11770	26
11771	37
11772	1
11774	101
11826	5
11833	4
11861	4
11891	2
11897	3
11898	5
11903	4
11913	4
11920	2
11931	2
11933	8
11944	9
11945	14
11951	5
11976	4
11979	2
11999	2
12001	4
12017	2
12024	5
12036	5
12077	14
12089	4
12105	5
12137	5
12158	2
12174	4
12186	2
12215	3
12227	4
12230	25
12253	4
12259	4
12270	9
12271	3
12290	3
12292	4
12294	4
12305	10
12350	3
12356	3
12400	21
12449	3
12450	5
12458	4
12466	59
12473	5
12500	5
12505	21
12513	6
12529	2
12562	13
12570	5
12573	4
12599	5
12611	3
12619	7
12621	5
12623	8
12624	1
12625	3
12628	11
12635	5
12648	10
12674	11
12698	3
12734	24
12737	8
12742	5
12744	9
12746	19
12752	3
12758	9
12804	2
12805	3
12808	4
12818	4
12826	5
12837	8
12858	8
12885	4
12899	2
12913	2
12936	4
12940	102
12946	2
12953	5
12958	25
12961	3
12965	5
12966	6
12982	2
12986	5
12988	4
12991	9
12995	4
12996	18
13002	235
13004	7
13022	2
13029	4
13040	5
13107	4
13125	3
13148	3
13166	5
13181	3
13196	6
13199	2
13278	2
13281	4
13301	10
13324	5
13327	3
13362	15
13386	6
13393	4
13395	10
13402	2
13403	5
13428	9
13434	4
13441	4
13460	4
13472	2
13477	1
13489	4
13504	5
13506	4
13509	4
13510	5
13536	1
13540	10
13541	7
13544	5
13546	13
13548	4
13560	3
13561	20
13588	8
13589	3
13594	4
13641	6
13643	7
13703	5
13729	10
13745	4
13824	4
13825	3
13831	8
13843	2
13855	3
13868	3
13871	4
13908	25
13968	4
13971	4
13975	4
13992	5
14013	10
14035	8
14041	3
14048	2
14053	5
14054	3
14062	4
14081	15
14090	8
14098	4
14112	5
14174	4
14229	114
14233	112
14264	4
14265	12
14294	2
14303	7
14308	3
14318	10
14327	67
14333	4
14343	5
14348	4
14351	9
14369	10
14370	4
14372	4
14395	4
14426	6
14435	194
14454	5
14473	4
14552	2
14606	2
14619	4
14621	7
14624	6
14626	4
14630	16
14631	23
14634	6
14645	9
14676	7
14680	6
14707	5
14708	8
14713	3
14734	4
14735	4
14745	3
14753	2
14756	5
14758	5
14761	48
14766	2
14782	2
14798	4
14806	4
14809	12
14815	17
14844	7
14845	3
14848	6
14849	5
14874	5
14889	2
14921	34
14927	5
14940	5
14944	5
14969	5
14976	17
14990	5
14998	8
15006	3
15025	3
15028	5
15031	2
15036	2
15053	5
15065	4
15068	3
15108	2
15120	5
15130	1
15131	4
15178	16
15187	8
15198	9
15204	3
15221	2
15226	2
15240	13
15246	4
15296	3
15307	5
15309	5
15332	4
15345	8
15361	9
15424	3
15427	1
15430	2
15444	17
15461	4
15469	2
15507	200
15540	6
15546	2
15553	8
15575	2
15579	2
15580	9
15588	5
15599	15
15624	4
15644	4
15648	10
15659	82
15673	2
15678	7
15685	3
15698	2
15707	3
15708	4
15716	7
15725	6
15745	5
15753	15
15762	5
15783	1
15792	3
15797	5
15800	8
15815	4
15878	4
15886	4
15890	2
15916	16
15928	2
15979	4
16004	3
16060	3
16061	3
16062	5
16076	2
16094	5
16097	4
16102	3
16112	3
16124	4
16125	4
16135	274
16142	3
16143	5
16156	10
16174	18
16178	4
16179	4
16189	14
16197	3
16199	4
16206	4
16228	40
16239	5
16256	6
16268	3
16277	4
16298	2
16299	3
16337	13
16351	4
16357	5
