NVMain command line is:
./nvmain.debug Config/ZGL_Standard_DRAM_channel.config ../../../traces/429_ref.trace.trc_nvmain 80000 

Config: Warning: Key EventDriven is not set. Using 'false' as the default. Please configure this value if this is wrong.
NVMain: GlobalEventQueue: Added a memory subsystem running at 666MHz. My frequency is 3000MHz.
Config: Warning: Key MEM_Freq is not set. Using '0' as the default. Please configure this value if this is wrong.
Config: Warning: Key Rtt_nom is not set. Using '30' as the default. Please configure this value if this is wrong.
Config: Warning: Key Rtt_wr is not set. Using '60' as the default. Please configure this value if this is wrong.
Config: Warning: Key Rtt_cont is not set. Using '75' as the default. Please configure this value if this is wrong.
Config: Warning: Key VDDQ is not set. Using '1.5' as the default. Please configure this value if this is wrong.
Config: Warning: Key VSSQ is not set. Using '0' as the default. Please configure this value if this is wrong.
Config: Warning: Key RanksPerDIMM is not set. Using '1' as the default. Please configure this value if this is wrong.
Config: Warning: Key DataEncoder is not set. Using 'default' as the default. Please configure this value if this is wrong.
Config: Warning: Key PrintAllDevices is not set. Using 'false' as the default. Please configure this value if this is wrong.
Config: Warning: Key PrintConfig is not set. Using 'false' as the default. Please configure this value if this is wrong.
Config: Warning: Key StaggerRefresh is not set. Using 'false' as the default. Please configure this value if this is wrong.
Config: Warning: Key UsePrecharge is not set. Using 'true' as the default. Please configure this value if this is wrong.
Config: Warning: Key OffChipLatency is not set. Using '10' as the default. Please configure this value if this is wrong.
Config: Warning: Key RBSize is not set. Using '32' as the default. Please configure this value if this is wrong.
Config: Warning: Key MemoryPrefetcher is not set. Using 'none' as the default. Please configure this value if this is wrong.
Config: Warning: Key PrefetchBufferSize is not set. Using '32' as the default. Please configure this value if this is wrong.
Config: Warning: Key MLCLevels is not set. Using '1' as the default. Please configure this value if this is wrong.
Config: Warning: Key WPVariance is not set. Using '1' as the default. Please configure this value if this is wrong.
Config: Warning: Key UniformWrites is not set. Using 'true' as the default. Please configure this value if this is wrong.
Config: Warning: Key WriteAllBits is not set. Using 'true' as the default. Please configure this value if this is wrong.
Config: Warning: Key Ereset is not set. Using '0.054331' as the default. Please configure this value if this is wrong.
Config: Warning: Key Eset is not set. Using '0.101581' as the default. Please configure this value if this is wrong.
Config: Warning: Key nWP00 is not set. Using '0' as the default. Please configure this value if this is wrong.
Config: Warning: Key nWP01 is not set. Using '7' as the default. Please configure this value if this is wrong.
Config: Warning: Key nWP10 is not set. Using '5' as the default. Please configure this value if this is wrong.
Config: Warning: Key nWP11 is not set. Using '1' as the default. Please configure this value if this is wrong.
Config: Warning: Key WPMaxVariance is not set. Using '2' as the default. Please configure this value if this is wrong.
Config: Warning: Key DeadlockTimer is not set. Using '10000000' as the default. Please configure this value if this is wrong.
Config: Warning: Key EnableDebug is not set. Using 'false' as the default. Please configure this value if this is wrong.
Config: Warning: Key WritePausing is not set. Using 'false' as the default. Please configure this value if this is wrong.
Config: Warning: Key PauseThreshold is not set. Using '0.4' as the default. Please configure this value if this is wrong.
Config: Warning: Key MaxCancellations is not set. Using '4' as the default. Please configure this value if this is wrong.
NVMain: the address mapping order is 
	Sub-Array 5
	Row 2
	Column 1
	Bank 3
	Rank 4
	Channel 6
Config: Warning: Key CONFIG_CHANNEL0 is not set. Using '' as the default. Please configure this value if this is wrong.
Created a First Ready First Come First Serve memory controller!
Config: Warning: Key EventDriven is not set. Using 'false' as the default. Please configure this value if this is wrong.
Config: Warning: Key MEM_Freq is not set. Using '0' as the default. Please configure this value if this is wrong.
Config: Warning: Key Rtt_nom is not set. Using '30' as the default. Please configure this value if this is wrong.
Config: Warning: Key Rtt_wr is not set. Using '60' as the default. Please configure this value if this is wrong.
Config: Warning: Key Rtt_cont is not set. Using '75' as the default. Please configure this value if this is wrong.
Config: Warning: Key VDDQ is not set. Using '1.5' as the default. Please configure this value if this is wrong.
Config: Warning: Key VSSQ is not set. Using '0' as the default. Please configure this value if this is wrong.
Config: Warning: Key RanksPerDIMM is not set. Using '1' as the default. Please configure this value if this is wrong.
Config: Warning: Key DataEncoder is not set. Using 'default' as the default. Please configure this value if this is wrong.
Config: Warning: Key PrintAllDevices is not set. Using 'false' as the default. Please configure this value if this is wrong.
Config: Warning: Key PrintConfig is not set. Using 'false' as the default. Please configure this value if this is wrong.
Config: Warning: Key StaggerRefresh is not set. Using 'false' as the default. Please configure this value if this is wrong.
Config: Warning: Key UsePrecharge is not set. Using 'true' as the default. Please configure this value if this is wrong.
Config: Warning: Key OffChipLatency is not set. Using '10' as the default. Please configure this value if this is wrong.
Config: Warning: Key RBSize is not set. Using '32' as the default. Please configure this value if this is wrong.
Config: Warning: Key MemoryPrefetcher is not set. Using 'none' as the default. Please configure this value if this is wrong.
Config: Warning: Key PrefetchBufferSize is not set. Using '32' as the default. Please configure this value if this is wrong.
Config: Warning: Key MLCLevels is not set. Using '1' as the default. Please configure this value if this is wrong.
Config: Warning: Key WPVariance is not set. Using '1' as the default. Please configure this value if this is wrong.
Config: Warning: Key UniformWrites is not set. Using 'true' as the default. Please configure this value if this is wrong.
Config: Warning: Key WriteAllBits is not set. Using 'true' as the default. Please configure this value if this is wrong.
Config: Warning: Key Ereset is not set. Using '0.054331' as the default. Please configure this value if this is wrong.
Config: Warning: Key Eset is not set. Using '0.101581' as the default. Please configure this value if this is wrong.
Config: Warning: Key nWP00 is not set. Using '0' as the default. Please configure this value if this is wrong.
Config: Warning: Key nWP01 is not set. Using '7' as the default. Please configure this value if this is wrong.
Config: Warning: Key nWP10 is not set. Using '5' as the default. Please configure this value if this is wrong.
Config: Warning: Key nWP11 is not set. Using '1' as the default. Please configure this value if this is wrong.
Config: Warning: Key WPMaxVariance is not set. Using '2' as the default. Please configure this value if this is wrong.
Config: Warning: Key DeadlockTimer is not set. Using '10000000' as the default. Please configure this value if this is wrong.
Config: Warning: Key EnableDebug is not set. Using 'false' as the default. Please configure this value if this is wrong.
Config: Warning: Key WritePausing is not set. Using 'false' as the default. Please configure this value if this is wrong.
Config: Warning: Key PauseThreshold is not set. Using '0.4' as the default. Please configure this value if this is wrong.
Config: Warning: Key MaxCancellations is not set. Using '4' as the default. Please configure this value if this is wrong.
Config: Warning: Key Decoder is not set. Using '' as the default. Please configure this value if this is wrong.
Config: Warning: Key RankType is not set. Using '' as the default. Please configure this value if this is wrong.
The parent hook name is defaultMemory.channel0.FRFCFS.channel0
Creating 8 banks in all 16 devices.
Config: Warning: Key BankType is not set. Using '' as the default. Please configure this value if this is wrong.
MATHeight is 16384
p->ROWS is 16384
subArrayNum is 1
MATHeight is 16384
p->ROWS is 16384
subArrayNum is 1
MATHeight is 16384
p->ROWS is 16384
subArrayNum is 1
MATHeight is 16384
p->ROWS is 16384
subArrayNum is 1
MATHeight is 16384
p->ROWS is 16384
subArrayNum is 1
MATHeight is 16384
p->ROWS is 16384
subArrayNum is 1
MATHeight is 16384
p->ROWS is 16384
subArrayNum is 1
MATHeight is 16384
p->ROWS is 16384
subArrayNum is 1
The parent hook name is defaultMemory.channel0.FRFCFS.channel0
Creating 8 banks in all 16 devices.
MATHeight is 16384
p->ROWS is 16384
subArrayNum is 1
MATHeight is 16384
p->ROWS is 16384
subArrayNum is 1
MATHeight is 16384
p->ROWS is 16384
subArrayNum is 1
MATHeight is 16384
p->ROWS is 16384
subArrayNum is 1
MATHeight is 16384
p->ROWS is 16384
subArrayNum is 1
MATHeight is 16384
p->ROWS is 16384
subArrayNum is 1
MATHeight is 16384
p->ROWS is 16384
subArrayNum is 1
MATHeight is 16384
p->ROWS is 16384
subArrayNum is 1
NVMain: the address mapping order is 
	Sub-Array 5
	Row 2
	Column 1
	Bank 3
	Rank 4
	Channel 6
defaultMemory.channel0.FRFCFS capacity is 4096 MB.
Creating 16 command queues.
traceMain (0x85ac70)
defaultMemory
-- defaultMemory.channel0.FRFCFS
---- defaultMemory.channel0.FRFCFS.channel0
------ defaultMemory.channel0.FRFCFS.channel0.rank0
-------- defaultMemory.channel0.FRFCFS.channel0.rank0.bank0
---------- defaultMemory.channel0.FRFCFS.channel0.rank0.bank0.subarray0
-------- defaultMemory.channel0.FRFCFS.channel0.rank0.bank1
---------- defaultMemory.channel0.FRFCFS.channel0.rank0.bank1.subarray0
-------- defaultMemory.channel0.FRFCFS.channel0.rank0.bank2
---------- defaultMemory.channel0.FRFCFS.channel0.rank0.bank2.subarray0
-------- defaultMemory.channel0.FRFCFS.channel0.rank0.bank3
---------- defaultMemory.channel0.FRFCFS.channel0.rank0.bank3.subarray0
-------- defaultMemory.channel0.FRFCFS.channel0.rank0.bank4
---------- defaultMemory.channel0.FRFCFS.channel0.rank0.bank4.subarray0
-------- defaultMemory.channel0.FRFCFS.channel0.rank0.bank5
---------- defaultMemory.channel0.FRFCFS.channel0.rank0.bank5.subarray0
-------- defaultMemory.channel0.FRFCFS.channel0.rank0.bank6
---------- defaultMemory.channel0.FRFCFS.channel0.rank0.bank6.subarray0
-------- defaultMemory.channel0.FRFCFS.channel0.rank0.bank7
---------- defaultMemory.channel0.FRFCFS.channel0.rank0.bank7.subarray0
------ defaultMemory.channel0.FRFCFS.channel0.rank1
-------- defaultMemory.channel0.FRFCFS.channel0.rank1.bank0
---------- defaultMemory.channel0.FRFCFS.channel0.rank1.bank0.subarray0
-------- defaultMemory.channel0.FRFCFS.channel0.rank1.bank1
---------- defaultMemory.channel0.FRFCFS.channel0.rank1.bank1.subarray0
-------- defaultMemory.channel0.FRFCFS.channel0.rank1.bank2
---------- defaultMemory.channel0.FRFCFS.channel0.rank1.bank2.subarray0
-------- defaultMemory.channel0.FRFCFS.channel0.rank1.bank3
---------- defaultMemory.channel0.FRFCFS.channel0.rank1.bank3.subarray0
-------- defaultMemory.channel0.FRFCFS.channel0.rank1.bank4
---------- defaultMemory.channel0.FRFCFS.channel0.rank1.bank4.subarray0
-------- defaultMemory.channel0.FRFCFS.channel0.rank1.bank5
---------- defaultMemory.channel0.FRFCFS.channel0.rank1.bank5.subarray0
-------- defaultMemory.channel0.FRFCFS.channel0.rank1.bank6
---------- defaultMemory.channel0.FRFCFS.channel0.rank1.bank6.subarray0
-------- defaultMemory.channel0.FRFCFS.channel0.rank1.bank7
---------- defaultMemory.channel0.FRFCFS.channel0.rank1.bank7.subarray0
*** Simulating 80000 input cycles. (360361 memory cycles) ***
i0.defaultMemory.channel0.FRFCFS.channel0.rank0.bank0.subarray0.subArrayEnergy 251888mA*t
i0.defaultMemory.channel0.FRFCFS.channel0.rank0.bank0.subarray0.activeEnergy 80325mA*t
i0.defaultMemory.channel0.FRFCFS.channel0.rank0.bank0.subarray0.burstEnergy 122342mA*t
i0.defaultMemory.channel0.FRFCFS.channel0.rank0.bank0.subarray0.refreshEnergy 49220mA*t
i0.defaultMemory.channel0.FRFCFS.channel0.rank0.bank0.subarray0.cancelledWrites 0
i0.defaultMemory.channel0.FRFCFS.channel0.rank0.bank0.subarray0.cancelledWriteTime 0
i0.defaultMemory.channel0.FRFCFS.channel0.rank0.bank0.subarray0.pausedWrites 0
i0.defaultMemory.channel0.FRFCFS.channel0.rank0.bank0.subarray0.averagePausesPerRequest 0
i0.defaultMemory.channel0.FRFCFS.channel0.rank0.bank0.subarray0.measuredPauses 241
i0.defaultMemory.channel0.FRFCFS.channel0.rank0.bank0.subarray0.averagePausedRequestProgress 0
i0.defaultMemory.channel0.FRFCFS.channel0.rank0.bank0.subarray0.measuredProgresses 0
i0.defaultMemory.channel0.FRFCFS.channel0.rank0.bank0.subarray0.reads 1788
i0.defaultMemory.channel0.FRFCFS.channel0.rank0.bank0.subarray0.writes 241
i0.defaultMemory.channel0.FRFCFS.channel0.rank0.bank0.subarray0.activates 425
i0.defaultMemory.channel0.FRFCFS.channel0.rank0.bank0.subarray0.precharges 425
i0.defaultMemory.channel0.FRFCFS.channel0.rank0.bank0.subarray0.refreshes 23
i0.defaultMemory.channel0.FRFCFS.channel0.rank0.bank0.subarray0.worstCaseEndurance 18446744073709551615
i0.defaultMemory.channel0.FRFCFS.channel0.rank0.bank0.subarray0.averageEndurance 0
i0.defaultMemory.channel0.FRFCFS.channel0.rank0.bank0.subarray0.actWaits 3044
i0.defaultMemory.channel0.FRFCFS.channel0.rank0.bank0.subarray0.actWaitTotal 36560
i0.defaultMemory.channel0.FRFCFS.channel0.rank0.bank0.subarray0.actWaitAverage 12.0105
i0.defaultMemory.channel0.FRFCFS.channel0.rank0.bank0.subarray0.worstCaseWrite 0
i0.defaultMemory.channel0.FRFCFS.channel0.rank0.bank0.subarray0.num00Writes 0
i0.defaultMemory.channel0.FRFCFS.channel0.rank0.bank0.subarray0.num01Writes 0
i0.defaultMemory.channel0.FRFCFS.channel0.rank0.bank0.subarray0.num10Writes 0
i0.defaultMemory.channel0.FRFCFS.channel0.rank0.bank0.subarray0.num11Writes 0
i0.defaultMemory.channel0.FRFCFS.channel0.rank0.bank0.subarray0.averageWriteTime 0
i0.defaultMemory.channel0.FRFCFS.channel0.rank0.bank0.subarray0.measuredWriteTimes 241
i0.defaultMemory.channel0.FRFCFS.channel0.rank0.bank0.subarray0.mlcTimingHisto {}
i0.defaultMemory.channel0.FRFCFS.channel0.rank0.bank0.subarray0.cancelCountHisto {0: 240}
i0.defaultMemory.channel0.FRFCFS.channel0.rank0.bank0.subarray0.wpPauseHisto {}
i0.defaultMemory.channel0.FRFCFS.channel0.rank0.bank0.subarray0.wpCancelHisto {}
i0.defaultMemory.channel0.FRFCFS.channel0.rank0.bank0.bankEnergy 251888mA*t
i0.defaultMemory.channel0.FRFCFS.channel0.rank0.bank0.activeEnergy 80325mA*t
i0.defaultMemory.channel0.FRFCFS.channel0.rank0.bank0.burstEnergy 122342mA*t
i0.defaultMemory.channel0.FRFCFS.channel0.rank0.bank0.refreshEnergy 49220mA*t
i0.defaultMemory.channel0.FRFCFS.channel0.rank0.bank0.bankPower 0.00314859W
i0.defaultMemory.channel0.FRFCFS.channel0.rank0.bank0.activePower 0.00100406W
i0.defaultMemory.channel0.FRFCFS.channel0.rank0.bank0.burstPower 0.00152928W
i0.defaultMemory.channel0.FRFCFS.channel0.rank0.bank0.refreshPower 0.00061525W
i0.defaultMemory.channel0.FRFCFS.channel0.rank0.bank0.bandwidth 3253.54MB/s
i0.defaultMemory.channel0.FRFCFS.channel0.rank0.bank0.dataCycles 8116
i0.defaultMemory.channel0.FRFCFS.channel0.rank0.bank0.powerCycles 106326
i0.defaultMemory.channel0.FRFCFS.channel0.rank0.bank0.utilization 0.0763313
i0.defaultMemory.channel0.FRFCFS.channel0.rank0.bank0.reads 1788
i0.defaultMemory.channel0.FRFCFS.channel0.rank0.bank0.writes 241
i0.defaultMemory.channel0.FRFCFS.channel0.rank0.bank0.activates 425
i0.defaultMemory.channel0.FRFCFS.channel0.rank0.bank0.precharges 425
i0.defaultMemory.channel0.FRFCFS.channel0.rank0.bank0.refreshes 23
i0.defaultMemory.channel0.FRFCFS.channel0.rank0.bank0.activeCycles 84128
i0.defaultMemory.channel0.FRFCFS.channel0.rank0.bank0.standbyCycles 22198
i0.defaultMemory.channel0.FRFCFS.channel0.rank0.bank0.fastExitActiveCycles 10484
i0.defaultMemory.channel0.FRFCFS.channel0.rank0.bank0.fastExitPrechargeCycles 3190
i0.defaultMemory.channel0.FRFCFS.channel0.rank0.bank0.slowExitPrechargeCycles 0
i0.defaultMemory.channel0.FRFCFS.channel0.rank0.bank0.actWaits 10
i0.defaultMemory.channel0.FRFCFS.channel0.rank0.bank0.actWaitTotal 40
i0.defaultMemory.channel0.FRFCFS.channel0.rank0.bank0.actWaitAverage 4
i0.defaultMemory.channel0.FRFCFS.channel0.rank0.bank0.averageEndurance 0
i0.defaultMemory.channel0.FRFCFS.channel0.rank0.bank0.worstCaseEndurance 18446744073709551615
i0.defaultMemory.channel0.FRFCFS.channel0.rank0.bank1.subarray0.subArrayEnergy 247722mA*t
i0.defaultMemory.channel0.FRFCFS.channel0.rank0.bank1.subarray0.activeEnergy 79380mA*t
i0.defaultMemory.channel0.FRFCFS.channel0.rank0.bank1.subarray0.burstEnergy 119122mA*t
i0.defaultMemory.channel0.FRFCFS.channel0.rank0.bank1.subarray0.refreshEnergy 49220mA*t
i0.defaultMemory.channel0.FRFCFS.channel0.rank0.bank1.subarray0.cancelledWrites 0
i0.defaultMemory.channel0.FRFCFS.channel0.rank0.bank1.subarray0.cancelledWriteTime 0
i0.defaultMemory.channel0.FRFCFS.channel0.rank0.bank1.subarray0.pausedWrites 0
i0.defaultMemory.channel0.FRFCFS.channel0.rank0.bank1.subarray0.averagePausesPerRequest 0
i0.defaultMemory.channel0.FRFCFS.channel0.rank0.bank1.subarray0.measuredPauses 177
i0.defaultMemory.channel0.FRFCFS.channel0.rank0.bank1.subarray0.averagePausedRequestProgress 0
i0.defaultMemory.channel0.FRFCFS.channel0.rank0.bank1.subarray0.measuredProgresses 0
i0.defaultMemory.channel0.FRFCFS.channel0.rank0.bank1.subarray0.reads 1801
i0.defaultMemory.channel0.FRFCFS.channel0.rank0.bank1.subarray0.writes 177
i0.defaultMemory.channel0.FRFCFS.channel0.rank0.bank1.subarray0.activates 420
i0.defaultMemory.channel0.FRFCFS.channel0.rank0.bank1.subarray0.precharges 420
i0.defaultMemory.channel0.FRFCFS.channel0.rank0.bank1.subarray0.refreshes 23
i0.defaultMemory.channel0.FRFCFS.channel0.rank0.bank1.subarray0.worstCaseEndurance 18446744073709551615
i0.defaultMemory.channel0.FRFCFS.channel0.rank0.bank1.subarray0.averageEndurance 0
i0.defaultMemory.channel0.FRFCFS.channel0.rank0.bank1.subarray0.actWaits 2952
i0.defaultMemory.channel0.FRFCFS.channel0.rank0.bank1.subarray0.actWaitTotal 37633
i0.defaultMemory.channel0.FRFCFS.channel0.rank0.bank1.subarray0.actWaitAverage 12.7483
i0.defaultMemory.channel0.FRFCFS.channel0.rank0.bank1.subarray0.worstCaseWrite 0
i0.defaultMemory.channel0.FRFCFS.channel0.rank0.bank1.subarray0.num00Writes 0
i0.defaultMemory.channel0.FRFCFS.channel0.rank0.bank1.subarray0.num01Writes 0
i0.defaultMemory.channel0.FRFCFS.channel0.rank0.bank1.subarray0.num10Writes 0
i0.defaultMemory.channel0.FRFCFS.channel0.rank0.bank1.subarray0.num11Writes 0
i0.defaultMemory.channel0.FRFCFS.channel0.rank0.bank1.subarray0.averageWriteTime 0
i0.defaultMemory.channel0.FRFCFS.channel0.rank0.bank1.subarray0.measuredWriteTimes 177
i0.defaultMemory.channel0.FRFCFS.channel0.rank0.bank1.subarray0.mlcTimingHisto {}
i0.defaultMemory.channel0.FRFCFS.channel0.rank0.bank1.subarray0.cancelCountHisto {0: 176}
i0.defaultMemory.channel0.FRFCFS.channel0.rank0.bank1.subarray0.wpPauseHisto {}
i0.defaultMemory.channel0.FRFCFS.channel0.rank0.bank1.subarray0.wpCancelHisto {}
i0.defaultMemory.channel0.FRFCFS.channel0.rank0.bank1.bankEnergy 247722mA*t
i0.defaultMemory.channel0.FRFCFS.channel0.rank0.bank1.activeEnergy 79380mA*t
i0.defaultMemory.channel0.FRFCFS.channel0.rank0.bank1.burstEnergy 119122mA*t
i0.defaultMemory.channel0.FRFCFS.channel0.rank0.bank1.refreshEnergy 49220mA*t
i0.defaultMemory.channel0.FRFCFS.channel0.rank0.bank1.bankPower 0.00309653W
i0.defaultMemory.channel0.FRFCFS.channel0.rank0.bank1.activePower 0.00099225W
i0.defaultMemory.channel0.FRFCFS.channel0.rank0.bank1.burstPower 0.00148903W
i0.defaultMemory.channel0.FRFCFS.channel0.rank0.bank1.refreshPower 0.00061525W
i0.defaultMemory.channel0.FRFCFS.channel0.rank0.bank1.bandwidth 3171.77MB/s
i0.defaultMemory.channel0.FRFCFS.channel0.rank0.bank1.dataCycles 7912
i0.defaultMemory.channel0.FRFCFS.channel0.rank0.bank1.powerCycles 106326
i0.defaultMemory.channel0.FRFCFS.channel0.rank0.bank1.utilization 0.0744127
i0.defaultMemory.channel0.FRFCFS.channel0.rank0.bank1.reads 1801
i0.defaultMemory.channel0.FRFCFS.channel0.rank0.bank1.writes 177
i0.defaultMemory.channel0.FRFCFS.channel0.rank0.bank1.activates 420
i0.defaultMemory.channel0.FRFCFS.channel0.rank0.bank1.precharges 420
i0.defaultMemory.channel0.FRFCFS.channel0.rank0.bank1.refreshes 23
i0.defaultMemory.channel0.FRFCFS.channel0.rank0.bank1.activeCycles 81914
i0.defaultMemory.channel0.FRFCFS.channel0.rank0.bank1.standbyCycles 24412
i0.defaultMemory.channel0.FRFCFS.channel0.rank0.bank1.fastExitActiveCycles 9936
i0.defaultMemory.channel0.FRFCFS.channel0.rank0.bank1.fastExitPrechargeCycles 3738
i0.defaultMemory.channel0.FRFCFS.channel0.rank0.bank1.slowExitPrechargeCycles 0
i0.defaultMemory.channel0.FRFCFS.channel0.rank0.bank1.actWaits 14
i0.defaultMemory.channel0.FRFCFS.channel0.rank0.bank1.actWaitTotal 18446744073709551402
i0.defaultMemory.channel0.FRFCFS.channel0.rank0.bank1.actWaitAverage 1.31762e+18
i0.defaultMemory.channel0.FRFCFS.channel0.rank0.bank1.averageEndurance 0
i0.defaultMemory.channel0.FRFCFS.channel0.rank0.bank1.worstCaseEndurance 18446744073709551615
i0.defaultMemory.channel0.FRFCFS.channel0.rank0.bank2.subarray0.subArrayEnergy 150198mA*t
i0.defaultMemory.channel0.FRFCFS.channel0.rank0.bank2.subarray0.activeEnergy 43848mA*t
i0.defaultMemory.channel0.FRFCFS.channel0.rank0.bank2.subarray0.burstEnergy 57130mA*t
i0.defaultMemory.channel0.FRFCFS.channel0.rank0.bank2.subarray0.refreshEnergy 49220mA*t
i0.defaultMemory.channel0.FRFCFS.channel0.rank0.bank2.subarray0.cancelledWrites 0
i0.defaultMemory.channel0.FRFCFS.channel0.rank0.bank2.subarray0.cancelledWriteTime 0
i0.defaultMemory.channel0.FRFCFS.channel0.rank0.bank2.subarray0.pausedWrites 0
i0.defaultMemory.channel0.FRFCFS.channel0.rank0.bank2.subarray0.averagePausesPerRequest 0
i0.defaultMemory.channel0.FRFCFS.channel0.rank0.bank2.subarray0.measuredPauses 172
i0.defaultMemory.channel0.FRFCFS.channel0.rank0.bank2.subarray0.averagePausedRequestProgress 0
i0.defaultMemory.channel0.FRFCFS.channel0.rank0.bank2.subarray0.measuredProgresses 0
i0.defaultMemory.channel0.FRFCFS.channel0.rank0.bank2.subarray0.reads 773
i0.defaultMemory.channel0.FRFCFS.channel0.rank0.bank2.subarray0.writes 172
i0.defaultMemory.channel0.FRFCFS.channel0.rank0.bank2.subarray0.activates 232
i0.defaultMemory.channel0.FRFCFS.channel0.rank0.bank2.subarray0.precharges 231
i0.defaultMemory.channel0.FRFCFS.channel0.rank0.bank2.subarray0.refreshes 23
i0.defaultMemory.channel0.FRFCFS.channel0.rank0.bank2.subarray0.worstCaseEndurance 18446744073709551615
i0.defaultMemory.channel0.FRFCFS.channel0.rank0.bank2.subarray0.averageEndurance 0
i0.defaultMemory.channel0.FRFCFS.channel0.rank0.bank2.subarray0.actWaits 1683
i0.defaultMemory.channel0.FRFCFS.channel0.rank0.bank2.subarray0.actWaitTotal 32470
i0.defaultMemory.channel0.FRFCFS.channel0.rank0.bank2.subarray0.actWaitAverage 19.2929
i0.defaultMemory.channel0.FRFCFS.channel0.rank0.bank2.subarray0.worstCaseWrite 0
i0.defaultMemory.channel0.FRFCFS.channel0.rank0.bank2.subarray0.num00Writes 0
i0.defaultMemory.channel0.FRFCFS.channel0.rank0.bank2.subarray0.num01Writes 0
i0.defaultMemory.channel0.FRFCFS.channel0.rank0.bank2.subarray0.num10Writes 0
i0.defaultMemory.channel0.FRFCFS.channel0.rank0.bank2.subarray0.num11Writes 0
i0.defaultMemory.channel0.FRFCFS.channel0.rank0.bank2.subarray0.averageWriteTime 0
i0.defaultMemory.channel0.FRFCFS.channel0.rank0.bank2.subarray0.measuredWriteTimes 172
i0.defaultMemory.channel0.FRFCFS.channel0.rank0.bank2.subarray0.mlcTimingHisto {}
i0.defaultMemory.channel0.FRFCFS.channel0.rank0.bank2.subarray0.cancelCountHisto {0: 171}
i0.defaultMemory.channel0.FRFCFS.channel0.rank0.bank2.subarray0.wpPauseHisto {}
i0.defaultMemory.channel0.FRFCFS.channel0.rank0.bank2.subarray0.wpCancelHisto {}
i0.defaultMemory.channel0.FRFCFS.channel0.rank0.bank2.bankEnergy 150198mA*t
i0.defaultMemory.channel0.FRFCFS.channel0.rank0.bank2.activeEnergy 43848mA*t
i0.defaultMemory.channel0.FRFCFS.channel0.rank0.bank2.burstEnergy 57130mA*t
i0.defaultMemory.channel0.FRFCFS.channel0.rank0.bank2.refreshEnergy 49220mA*t
i0.defaultMemory.channel0.FRFCFS.channel0.rank0.bank2.bankPower 0.00187747W
i0.defaultMemory.channel0.FRFCFS.channel0.rank0.bank2.activePower 0.0005481W
i0.defaultMemory.channel0.FRFCFS.channel0.rank0.bank2.burstPower 0.000714125W
i0.defaultMemory.channel0.FRFCFS.channel0.rank0.bank2.refreshPower 0.00061525W
i0.defaultMemory.channel0.FRFCFS.channel0.rank0.bank2.bandwidth 1515.33MB/s
i0.defaultMemory.channel0.FRFCFS.channel0.rank0.bank2.dataCycles 3780
i0.defaultMemory.channel0.FRFCFS.channel0.rank0.bank2.powerCycles 106326
i0.defaultMemory.channel0.FRFCFS.channel0.rank0.bank2.utilization 0.035551
i0.defaultMemory.channel0.FRFCFS.channel0.rank0.bank2.reads 773
i0.defaultMemory.channel0.FRFCFS.channel0.rank0.bank2.writes 172
i0.defaultMemory.channel0.FRFCFS.channel0.rank0.bank2.activates 232
i0.defaultMemory.channel0.FRFCFS.channel0.rank0.bank2.precharges 231
i0.defaultMemory.channel0.FRFCFS.channel0.rank0.bank2.refreshes 23
i0.defaultMemory.channel0.FRFCFS.channel0.rank0.bank2.activeCycles 80180
i0.defaultMemory.channel0.FRFCFS.channel0.rank0.bank2.standbyCycles 26146
i0.defaultMemory.channel0.FRFCFS.channel0.rank0.bank2.fastExitActiveCycles 9750
i0.defaultMemory.channel0.FRFCFS.channel0.rank0.bank2.fastExitPrechargeCycles 3924
i0.defaultMemory.channel0.FRFCFS.channel0.rank0.bank2.slowExitPrechargeCycles 0
i0.defaultMemory.channel0.FRFCFS.channel0.rank0.bank2.actWaits 9
i0.defaultMemory.channel0.FRFCFS.channel0.rank0.bank2.actWaitTotal 25
i0.defaultMemory.channel0.FRFCFS.channel0.rank0.bank2.actWaitAverage 2.77778
i0.defaultMemory.channel0.FRFCFS.channel0.rank0.bank2.averageEndurance 0
i0.defaultMemory.channel0.FRFCFS.channel0.rank0.bank2.worstCaseEndurance 18446744073709551615
i0.defaultMemory.channel0.FRFCFS.channel0.rank0.bank3.subarray0.subArrayEnergy 171054mA*t
i0.defaultMemory.channel0.FRFCFS.channel0.rank0.bank3.subarray0.activeEnergy 53109mA*t
i0.defaultMemory.channel0.FRFCFS.channel0.rank0.bank3.subarray0.burstEnergy 68725mA*t
i0.defaultMemory.channel0.FRFCFS.channel0.rank0.bank3.subarray0.refreshEnergy 49220mA*t
i0.defaultMemory.channel0.FRFCFS.channel0.rank0.bank3.subarray0.cancelledWrites 0
i0.defaultMemory.channel0.FRFCFS.channel0.rank0.bank3.subarray0.cancelledWriteTime 0
i0.defaultMemory.channel0.FRFCFS.channel0.rank0.bank3.subarray0.pausedWrites 0
i0.defaultMemory.channel0.FRFCFS.channel0.rank0.bank3.subarray0.averagePausesPerRequest 0
i0.defaultMemory.channel0.FRFCFS.channel0.rank0.bank3.subarray0.measuredPauses 106
i0.defaultMemory.channel0.FRFCFS.channel0.rank0.bank3.subarray0.averagePausedRequestProgress 0
i0.defaultMemory.channel0.FRFCFS.channel0.rank0.bank3.subarray0.measuredProgresses 0
i0.defaultMemory.channel0.FRFCFS.channel0.rank0.bank3.subarray0.reads 1035
i0.defaultMemory.channel0.FRFCFS.channel0.rank0.bank3.subarray0.writes 106
i0.defaultMemory.channel0.FRFCFS.channel0.rank0.bank3.subarray0.activates 281
i0.defaultMemory.channel0.FRFCFS.channel0.rank0.bank3.subarray0.precharges 280
i0.defaultMemory.channel0.FRFCFS.channel0.rank0.bank3.subarray0.refreshes 23
i0.defaultMemory.channel0.FRFCFS.channel0.rank0.bank3.subarray0.worstCaseEndurance 18446744073709551615
i0.defaultMemory.channel0.FRFCFS.channel0.rank0.bank3.subarray0.averageEndurance 0
i0.defaultMemory.channel0.FRFCFS.channel0.rank0.bank3.subarray0.actWaits 2085
i0.defaultMemory.channel0.FRFCFS.channel0.rank0.bank3.subarray0.actWaitTotal 33758
i0.defaultMemory.channel0.FRFCFS.channel0.rank0.bank3.subarray0.actWaitAverage 16.1909
i0.defaultMemory.channel0.FRFCFS.channel0.rank0.bank3.subarray0.worstCaseWrite 0
i0.defaultMemory.channel0.FRFCFS.channel0.rank0.bank3.subarray0.num00Writes 0
i0.defaultMemory.channel0.FRFCFS.channel0.rank0.bank3.subarray0.num01Writes 0
i0.defaultMemory.channel0.FRFCFS.channel0.rank0.bank3.subarray0.num10Writes 0
i0.defaultMemory.channel0.FRFCFS.channel0.rank0.bank3.subarray0.num11Writes 0
i0.defaultMemory.channel0.FRFCFS.channel0.rank0.bank3.subarray0.averageWriteTime 0
i0.defaultMemory.channel0.FRFCFS.channel0.rank0.bank3.subarray0.measuredWriteTimes 106
i0.defaultMemory.channel0.FRFCFS.channel0.rank0.bank3.subarray0.mlcTimingHisto {}
i0.defaultMemory.channel0.FRFCFS.channel0.rank0.bank3.subarray0.cancelCountHisto {0: 105}
i0.defaultMemory.channel0.FRFCFS.channel0.rank0.bank3.subarray0.wpPauseHisto {}
i0.defaultMemory.channel0.FRFCFS.channel0.rank0.bank3.subarray0.wpCancelHisto {}
i0.defaultMemory.channel0.FRFCFS.channel0.rank0.bank3.bankEnergy 171054mA*t
i0.defaultMemory.channel0.FRFCFS.channel0.rank0.bank3.activeEnergy 53109mA*t
i0.defaultMemory.channel0.FRFCFS.channel0.rank0.bank3.burstEnergy 68725mA*t
i0.defaultMemory.channel0.FRFCFS.channel0.rank0.bank3.refreshEnergy 49220mA*t
i0.defaultMemory.channel0.FRFCFS.channel0.rank0.bank3.bankPower 0.00213817W
i0.defaultMemory.channel0.FRFCFS.channel0.rank0.bank3.activePower 0.000663863W
i0.defaultMemory.channel0.FRFCFS.channel0.rank0.bank3.burstPower 0.000859062W
i0.defaultMemory.channel0.FRFCFS.channel0.rank0.bank3.refreshPower 0.00061525W
i0.defaultMemory.channel0.FRFCFS.channel0.rank0.bank3.bandwidth 1829.62MB/s
i0.defaultMemory.channel0.FRFCFS.channel0.rank0.bank3.dataCycles 4564
i0.defaultMemory.channel0.FRFCFS.channel0.rank0.bank3.powerCycles 106326
i0.defaultMemory.channel0.FRFCFS.channel0.rank0.bank3.utilization 0.0429246
i0.defaultMemory.channel0.FRFCFS.channel0.rank0.bank3.reads 1035
i0.defaultMemory.channel0.FRFCFS.channel0.rank0.bank3.writes 106
i0.defaultMemory.channel0.FRFCFS.channel0.rank0.bank3.activates 281
i0.defaultMemory.channel0.FRFCFS.channel0.rank0.bank3.precharges 280
i0.defaultMemory.channel0.FRFCFS.channel0.rank0.bank3.refreshes 23
i0.defaultMemory.channel0.FRFCFS.channel0.rank0.bank3.activeCycles 88332
i0.defaultMemory.channel0.FRFCFS.channel0.rank0.bank3.standbyCycles 17994
i0.defaultMemory.channel0.FRFCFS.channel0.rank0.bank3.fastExitActiveCycles 12533
i0.defaultMemory.channel0.FRFCFS.channel0.rank0.bank3.fastExitPrechargeCycles 1141
i0.defaultMemory.channel0.FRFCFS.channel0.rank0.bank3.slowExitPrechargeCycles 0
i0.defaultMemory.channel0.FRFCFS.channel0.rank0.bank3.actWaits 4
i0.defaultMemory.channel0.FRFCFS.channel0.rank0.bank3.actWaitTotal 14
i0.defaultMemory.channel0.FRFCFS.channel0.rank0.bank3.actWaitAverage 3.5
i0.defaultMemory.channel0.FRFCFS.channel0.rank0.bank3.averageEndurance 0
i0.defaultMemory.channel0.FRFCFS.channel0.rank0.bank3.worstCaseEndurance 18446744073709551615
i0.defaultMemory.channel0.FRFCFS.channel0.rank0.bank4.subarray0.subArrayEnergy 177633mA*t
i0.defaultMemory.channel0.FRFCFS.channel0.rank0.bank4.subarray0.activeEnergy 47628mA*t
i0.defaultMemory.channel0.FRFCFS.channel0.rank0.bank4.subarray0.burstEnergy 80785mA*t
i0.defaultMemory.channel0.FRFCFS.channel0.rank0.bank4.subarray0.refreshEnergy 49220mA*t
i0.defaultMemory.channel0.FRFCFS.channel0.rank0.bank4.subarray0.cancelledWrites 0
i0.defaultMemory.channel0.FRFCFS.channel0.rank0.bank4.subarray0.cancelledWriteTime 0
i0.defaultMemory.channel0.FRFCFS.channel0.rank0.bank4.subarray0.pausedWrites 0
i0.defaultMemory.channel0.FRFCFS.channel0.rank0.bank4.subarray0.averagePausesPerRequest 0
i0.defaultMemory.channel0.FRFCFS.channel0.rank0.bank4.subarray0.measuredPauses 106
i0.defaultMemory.channel0.FRFCFS.channel0.rank0.bank4.subarray0.averagePausedRequestProgress 0
i0.defaultMemory.channel0.FRFCFS.channel0.rank0.bank4.subarray0.measuredProgresses 0
i0.defaultMemory.channel0.FRFCFS.channel0.rank0.bank4.subarray0.reads 1236
i0.defaultMemory.channel0.FRFCFS.channel0.rank0.bank4.subarray0.writes 106
i0.defaultMemory.channel0.FRFCFS.channel0.rank0.bank4.subarray0.activates 252
i0.defaultMemory.channel0.FRFCFS.channel0.rank0.bank4.subarray0.precharges 252
i0.defaultMemory.channel0.FRFCFS.channel0.rank0.bank4.subarray0.refreshes 23
i0.defaultMemory.channel0.FRFCFS.channel0.rank0.bank4.subarray0.worstCaseEndurance 18446744073709551615
i0.defaultMemory.channel0.FRFCFS.channel0.rank0.bank4.subarray0.averageEndurance 0
i0.defaultMemory.channel0.FRFCFS.channel0.rank0.bank4.subarray0.actWaits 1854
i0.defaultMemory.channel0.FRFCFS.channel0.rank0.bank4.subarray0.actWaitTotal 30381
i0.defaultMemory.channel0.FRFCFS.channel0.rank0.bank4.subarray0.actWaitAverage 16.3867
i0.defaultMemory.channel0.FRFCFS.channel0.rank0.bank4.subarray0.worstCaseWrite 0
i0.defaultMemory.channel0.FRFCFS.channel0.rank0.bank4.subarray0.num00Writes 0
i0.defaultMemory.channel0.FRFCFS.channel0.rank0.bank4.subarray0.num01Writes 0
i0.defaultMemory.channel0.FRFCFS.channel0.rank0.bank4.subarray0.num10Writes 0
i0.defaultMemory.channel0.FRFCFS.channel0.rank0.bank4.subarray0.num11Writes 0
i0.defaultMemory.channel0.FRFCFS.channel0.rank0.bank4.subarray0.averageWriteTime 0
i0.defaultMemory.channel0.FRFCFS.channel0.rank0.bank4.subarray0.measuredWriteTimes 106
i0.defaultMemory.channel0.FRFCFS.channel0.rank0.bank4.subarray0.mlcTimingHisto {}
i0.defaultMemory.channel0.FRFCFS.channel0.rank0.bank4.subarray0.cancelCountHisto {0: 105}
i0.defaultMemory.channel0.FRFCFS.channel0.rank0.bank4.subarray0.wpPauseHisto {}
i0.defaultMemory.channel0.FRFCFS.channel0.rank0.bank4.subarray0.wpCancelHisto {}
i0.defaultMemory.channel0.FRFCFS.channel0.rank0.bank4.bankEnergy 177633mA*t
i0.defaultMemory.channel0.FRFCFS.channel0.rank0.bank4.activeEnergy 47628mA*t
i0.defaultMemory.channel0.FRFCFS.channel0.rank0.bank4.burstEnergy 80785mA*t
i0.defaultMemory.channel0.FRFCFS.channel0.rank0.bank4.refreshEnergy 49220mA*t
i0.defaultMemory.channel0.FRFCFS.channel0.rank0.bank4.bankPower 0.00222041W
i0.defaultMemory.channel0.FRFCFS.channel0.rank0.bank4.activePower 0.00059535W
i0.defaultMemory.channel0.FRFCFS.channel0.rank0.bank4.burstPower 0.00100981W
i0.defaultMemory.channel0.FRFCFS.channel0.rank0.bank4.refreshPower 0.00061525W
i0.defaultMemory.channel0.FRFCFS.channel0.rank0.bank4.bandwidth 2151.93MB/s
i0.defaultMemory.channel0.FRFCFS.channel0.rank0.bank4.dataCycles 5368
i0.defaultMemory.channel0.FRFCFS.channel0.rank0.bank4.powerCycles 106326
i0.defaultMemory.channel0.FRFCFS.channel0.rank0.bank4.utilization 0.0504862
i0.defaultMemory.channel0.FRFCFS.channel0.rank0.bank4.reads 1236
i0.defaultMemory.channel0.FRFCFS.channel0.rank0.bank4.writes 106
i0.defaultMemory.channel0.FRFCFS.channel0.rank0.bank4.activates 252
i0.defaultMemory.channel0.FRFCFS.channel0.rank0.bank4.precharges 252
i0.defaultMemory.channel0.FRFCFS.channel0.rank0.bank4.refreshes 23
i0.defaultMemory.channel0.FRFCFS.channel0.rank0.bank4.activeCycles 79929
i0.defaultMemory.channel0.FRFCFS.channel0.rank0.bank4.standbyCycles 26397
i0.defaultMemory.channel0.FRFCFS.channel0.rank0.bank4.fastExitActiveCycles 9788
i0.defaultMemory.channel0.FRFCFS.channel0.rank0.bank4.fastExitPrechargeCycles 3886
i0.defaultMemory.channel0.FRFCFS.channel0.rank0.bank4.slowExitPrechargeCycles 0
i0.defaultMemory.channel0.FRFCFS.channel0.rank0.bank4.actWaits 20
i0.defaultMemory.channel0.FRFCFS.channel0.rank0.bank4.actWaitTotal 66
i0.defaultMemory.channel0.FRFCFS.channel0.rank0.bank4.actWaitAverage 3.3
i0.defaultMemory.channel0.FRFCFS.channel0.rank0.bank4.averageEndurance 0
i0.defaultMemory.channel0.FRFCFS.channel0.rank0.bank4.worstCaseEndurance 18446744073709551615
i0.defaultMemory.channel0.FRFCFS.channel0.rank0.bank5.subarray0.subArrayEnergy 192260mA*t
i0.defaultMemory.channel0.FRFCFS.channel0.rank0.bank5.subarray0.activeEnergy 44415mA*t
i0.defaultMemory.channel0.FRFCFS.channel0.rank0.bank5.subarray0.burstEnergy 98625mA*t
i0.defaultMemory.channel0.FRFCFS.channel0.rank0.bank5.subarray0.refreshEnergy 49220mA*t
i0.defaultMemory.channel0.FRFCFS.channel0.rank0.bank5.subarray0.cancelledWrites 0
i0.defaultMemory.channel0.FRFCFS.channel0.rank0.bank5.subarray0.cancelledWriteTime 0
i0.defaultMemory.channel0.FRFCFS.channel0.rank0.bank5.subarray0.pausedWrites 0
i0.defaultMemory.channel0.FRFCFS.channel0.rank0.bank5.subarray0.averagePausesPerRequest 0
i0.defaultMemory.channel0.FRFCFS.channel0.rank0.bank5.subarray0.measuredPauses 90
i0.defaultMemory.channel0.FRFCFS.channel0.rank0.bank5.subarray0.averagePausedRequestProgress 0
i0.defaultMemory.channel0.FRFCFS.channel0.rank0.bank5.subarray0.measuredProgresses 0
i0.defaultMemory.channel0.FRFCFS.channel0.rank0.bank5.subarray0.reads 1550
i0.defaultMemory.channel0.FRFCFS.channel0.rank0.bank5.subarray0.writes 90
i0.defaultMemory.channel0.FRFCFS.channel0.rank0.bank5.subarray0.activates 235
i0.defaultMemory.channel0.FRFCFS.channel0.rank0.bank5.subarray0.precharges 234
i0.defaultMemory.channel0.FRFCFS.channel0.rank0.bank5.subarray0.refreshes 23
i0.defaultMemory.channel0.FRFCFS.channel0.rank0.bank5.subarray0.worstCaseEndurance 18446744073709551615
i0.defaultMemory.channel0.FRFCFS.channel0.rank0.bank5.subarray0.averageEndurance 0
i0.defaultMemory.channel0.FRFCFS.channel0.rank0.bank5.subarray0.actWaits 1615
i0.defaultMemory.channel0.FRFCFS.channel0.rank0.bank5.subarray0.actWaitTotal 23023
i0.defaultMemory.channel0.FRFCFS.channel0.rank0.bank5.subarray0.actWaitAverage 14.2557
i0.defaultMemory.channel0.FRFCFS.channel0.rank0.bank5.subarray0.worstCaseWrite 0
i0.defaultMemory.channel0.FRFCFS.channel0.rank0.bank5.subarray0.num00Writes 0
i0.defaultMemory.channel0.FRFCFS.channel0.rank0.bank5.subarray0.num01Writes 0
i0.defaultMemory.channel0.FRFCFS.channel0.rank0.bank5.subarray0.num10Writes 0
i0.defaultMemory.channel0.FRFCFS.channel0.rank0.bank5.subarray0.num11Writes 0
i0.defaultMemory.channel0.FRFCFS.channel0.rank0.bank5.subarray0.averageWriteTime 0
i0.defaultMemory.channel0.FRFCFS.channel0.rank0.bank5.subarray0.measuredWriteTimes 90
i0.defaultMemory.channel0.FRFCFS.channel0.rank0.bank5.subarray0.mlcTimingHisto {}
i0.defaultMemory.channel0.FRFCFS.channel0.rank0.bank5.subarray0.cancelCountHisto {0: 89}
i0.defaultMemory.channel0.FRFCFS.channel0.rank0.bank5.subarray0.wpPauseHisto {}
i0.defaultMemory.channel0.FRFCFS.channel0.rank0.bank5.subarray0.wpCancelHisto {}
i0.defaultMemory.channel0.FRFCFS.channel0.rank0.bank5.bankEnergy 192260mA*t
i0.defaultMemory.channel0.FRFCFS.channel0.rank0.bank5.activeEnergy 44415mA*t
i0.defaultMemory.channel0.FRFCFS.channel0.rank0.bank5.burstEnergy 98625mA*t
i0.defaultMemory.channel0.FRFCFS.channel0.rank0.bank5.refreshEnergy 49220mA*t
i0.defaultMemory.channel0.FRFCFS.channel0.rank0.bank5.bankPower 0.00240325W
i0.defaultMemory.channel0.FRFCFS.channel0.rank0.bank5.activePower 0.000555187W
i0.defaultMemory.channel0.FRFCFS.channel0.rank0.bank5.burstPower 0.00123281W
i0.defaultMemory.channel0.FRFCFS.channel0.rank0.bank5.refreshPower 0.00061525W
i0.defaultMemory.channel0.FRFCFS.channel0.rank0.bank5.bandwidth 2629.77MB/s
i0.defaultMemory.channel0.FRFCFS.channel0.rank0.bank5.dataCycles 6560
i0.defaultMemory.channel0.FRFCFS.channel0.rank0.bank5.powerCycles 106326
i0.defaultMemory.channel0.FRFCFS.channel0.rank0.bank5.utilization 0.061697
i0.defaultMemory.channel0.FRFCFS.channel0.rank0.bank5.reads 1550
i0.defaultMemory.channel0.FRFCFS.channel0.rank0.bank5.writes 90
i0.defaultMemory.channel0.FRFCFS.channel0.rank0.bank5.activates 235
i0.defaultMemory.channel0.FRFCFS.channel0.rank0.bank5.precharges 234
i0.defaultMemory.channel0.FRFCFS.channel0.rank0.bank5.refreshes 23
i0.defaultMemory.channel0.FRFCFS.channel0.rank0.bank5.activeCycles 72458
i0.defaultMemory.channel0.FRFCFS.channel0.rank0.bank5.standbyCycles 33868
i0.defaultMemory.channel0.FRFCFS.channel0.rank0.bank5.fastExitActiveCycles 9554
i0.defaultMemory.channel0.FRFCFS.channel0.rank0.bank5.fastExitPrechargeCycles 4120
i0.defaultMemory.channel0.FRFCFS.channel0.rank0.bank5.slowExitPrechargeCycles 0
i0.defaultMemory.channel0.FRFCFS.channel0.rank0.bank5.actWaits 5
i0.defaultMemory.channel0.FRFCFS.channel0.rank0.bank5.actWaitTotal 16
i0.defaultMemory.channel0.FRFCFS.channel0.rank0.bank5.actWaitAverage 3.2
i0.defaultMemory.channel0.FRFCFS.channel0.rank0.bank5.averageEndurance 0
i0.defaultMemory.channel0.FRFCFS.channel0.rank0.bank5.worstCaseEndurance 18446744073709551615
i0.defaultMemory.channel0.FRFCFS.channel0.rank0.bank6.subarray0.subArrayEnergy 172646mA*t
i0.defaultMemory.channel0.FRFCFS.channel0.rank0.bank6.subarray0.activeEnergy 48006mA*t
i0.defaultMemory.channel0.FRFCFS.channel0.rank0.bank6.subarray0.burstEnergy 75420mA*t
i0.defaultMemory.channel0.FRFCFS.channel0.rank0.bank6.subarray0.refreshEnergy 49220mA*t
i0.defaultMemory.channel0.FRFCFS.channel0.rank0.bank6.subarray0.cancelledWrites 0
i0.defaultMemory.channel0.FRFCFS.channel0.rank0.bank6.subarray0.cancelledWriteTime 0
i0.defaultMemory.channel0.FRFCFS.channel0.rank0.bank6.subarray0.pausedWrites 0
i0.defaultMemory.channel0.FRFCFS.channel0.rank0.bank6.subarray0.averagePausesPerRequest 0
i0.defaultMemory.channel0.FRFCFS.channel0.rank0.bank6.subarray0.measuredPauses 96
i0.defaultMemory.channel0.FRFCFS.channel0.rank0.bank6.subarray0.averagePausedRequestProgress 0
i0.defaultMemory.channel0.FRFCFS.channel0.rank0.bank6.subarray0.measuredProgresses 0
i0.defaultMemory.channel0.FRFCFS.channel0.rank0.bank6.subarray0.reads 1157
i0.defaultMemory.channel0.FRFCFS.channel0.rank0.bank6.subarray0.writes 96
i0.defaultMemory.channel0.FRFCFS.channel0.rank0.bank6.subarray0.activates 254
i0.defaultMemory.channel0.FRFCFS.channel0.rank0.bank6.subarray0.precharges 254
i0.defaultMemory.channel0.FRFCFS.channel0.rank0.bank6.subarray0.refreshes 23
i0.defaultMemory.channel0.FRFCFS.channel0.rank0.bank6.subarray0.worstCaseEndurance 18446744073709551615
i0.defaultMemory.channel0.FRFCFS.channel0.rank0.bank6.subarray0.averageEndurance 0
i0.defaultMemory.channel0.FRFCFS.channel0.rank0.bank6.subarray0.actWaits 1638
i0.defaultMemory.channel0.FRFCFS.channel0.rank0.bank6.subarray0.actWaitTotal 20099
i0.defaultMemory.channel0.FRFCFS.channel0.rank0.bank6.subarray0.actWaitAverage 12.2705
i0.defaultMemory.channel0.FRFCFS.channel0.rank0.bank6.subarray0.worstCaseWrite 0
i0.defaultMemory.channel0.FRFCFS.channel0.rank0.bank6.subarray0.num00Writes 0
i0.defaultMemory.channel0.FRFCFS.channel0.rank0.bank6.subarray0.num01Writes 0
i0.defaultMemory.channel0.FRFCFS.channel0.rank0.bank6.subarray0.num10Writes 0
i0.defaultMemory.channel0.FRFCFS.channel0.rank0.bank6.subarray0.num11Writes 0
i0.defaultMemory.channel0.FRFCFS.channel0.rank0.bank6.subarray0.averageWriteTime 0
i0.defaultMemory.channel0.FRFCFS.channel0.rank0.bank6.subarray0.measuredWriteTimes 96
i0.defaultMemory.channel0.FRFCFS.channel0.rank0.bank6.subarray0.mlcTimingHisto {}
i0.defaultMemory.channel0.FRFCFS.channel0.rank0.bank6.subarray0.cancelCountHisto {0: 95}
i0.defaultMemory.channel0.FRFCFS.channel0.rank0.bank6.subarray0.wpPauseHisto {}
i0.defaultMemory.channel0.FRFCFS.channel0.rank0.bank6.subarray0.wpCancelHisto {}
i0.defaultMemory.channel0.FRFCFS.channel0.rank0.bank6.bankEnergy 172646mA*t
i0.defaultMemory.channel0.FRFCFS.channel0.rank0.bank6.activeEnergy 48006mA*t
i0.defaultMemory.channel0.FRFCFS.channel0.rank0.bank6.burstEnergy 75420mA*t
i0.defaultMemory.channel0.FRFCFS.channel0.rank0.bank6.refreshEnergy 49220mA*t
i0.defaultMemory.channel0.FRFCFS.channel0.rank0.bank6.bankPower 0.00215808W
i0.defaultMemory.channel0.FRFCFS.channel0.rank0.bank6.activePower 0.000600075W
i0.defaultMemory.channel0.FRFCFS.channel0.rank0.bank6.burstPower 0.00094275W
i0.defaultMemory.channel0.FRFCFS.channel0.rank0.bank6.refreshPower 0.00061525W
i0.defaultMemory.channel0.FRFCFS.channel0.rank0.bank6.bandwidth 2009.21MB/s
i0.defaultMemory.channel0.FRFCFS.channel0.rank0.bank6.dataCycles 5012
i0.defaultMemory.channel0.FRFCFS.channel0.rank0.bank6.powerCycles 106326
i0.defaultMemory.channel0.FRFCFS.channel0.rank0.bank6.utilization 0.047138
i0.defaultMemory.channel0.FRFCFS.channel0.rank0.bank6.reads 1157
i0.defaultMemory.channel0.FRFCFS.channel0.rank0.bank6.writes 96
i0.defaultMemory.channel0.FRFCFS.channel0.rank0.bank6.activates 254
i0.defaultMemory.channel0.FRFCFS.channel0.rank0.bank6.precharges 254
i0.defaultMemory.channel0.FRFCFS.channel0.rank0.bank6.refreshes 23
i0.defaultMemory.channel0.FRFCFS.channel0.rank0.bank6.activeCycles 81047
i0.defaultMemory.channel0.FRFCFS.channel0.rank0.bank6.standbyCycles 25279
i0.defaultMemory.channel0.FRFCFS.channel0.rank0.bank6.fastExitActiveCycles 10237
i0.defaultMemory.channel0.FRFCFS.channel0.rank0.bank6.fastExitPrechargeCycles 3437
i0.defaultMemory.channel0.FRFCFS.channel0.rank0.bank6.slowExitPrechargeCycles 0
i0.defaultMemory.channel0.FRFCFS.channel0.rank0.bank6.actWaits 11
i0.defaultMemory.channel0.FRFCFS.channel0.rank0.bank6.actWaitTotal 29
i0.defaultMemory.channel0.FRFCFS.channel0.rank0.bank6.actWaitAverage 2.63636
i0.defaultMemory.channel0.FRFCFS.channel0.rank0.bank6.averageEndurance 0
i0.defaultMemory.channel0.FRFCFS.channel0.rank0.bank6.worstCaseEndurance 18446744073709551615
i0.defaultMemory.channel0.FRFCFS.channel0.rank0.bank7.subarray0.subArrayEnergy 211703mA*t
i0.defaultMemory.channel0.FRFCFS.channel0.rank0.bank7.subarray0.activeEnergy 58023mA*t
i0.defaultMemory.channel0.FRFCFS.channel0.rank0.bank7.subarray0.burstEnergy 104460mA*t
i0.defaultMemory.channel0.FRFCFS.channel0.rank0.bank7.subarray0.refreshEnergy 49220mA*t
i0.defaultMemory.channel0.FRFCFS.channel0.rank0.bank7.subarray0.cancelledWrites 0
i0.defaultMemory.channel0.FRFCFS.channel0.rank0.bank7.subarray0.cancelledWriteTime 0
i0.defaultMemory.channel0.FRFCFS.channel0.rank0.bank7.subarray0.pausedWrites 0
i0.defaultMemory.channel0.FRFCFS.channel0.rank0.bank7.subarray0.averagePausesPerRequest 0
i0.defaultMemory.channel0.FRFCFS.channel0.rank0.bank7.subarray0.measuredPauses 120
i0.defaultMemory.channel0.FRFCFS.channel0.rank0.bank7.subarray0.averagePausedRequestProgress 0
i0.defaultMemory.channel0.FRFCFS.channel0.rank0.bank7.subarray0.measuredProgresses 0
i0.defaultMemory.channel0.FRFCFS.channel0.rank0.bank7.subarray0.reads 1616
i0.defaultMemory.channel0.FRFCFS.channel0.rank0.bank7.subarray0.writes 120
i0.defaultMemory.channel0.FRFCFS.channel0.rank0.bank7.subarray0.activates 307
i0.defaultMemory.channel0.FRFCFS.channel0.rank0.bank7.subarray0.precharges 307
i0.defaultMemory.channel0.FRFCFS.channel0.rank0.bank7.subarray0.refreshes 23
i0.defaultMemory.channel0.FRFCFS.channel0.rank0.bank7.subarray0.worstCaseEndurance 18446744073709551615
i0.defaultMemory.channel0.FRFCFS.channel0.rank0.bank7.subarray0.averageEndurance 0
i0.defaultMemory.channel0.FRFCFS.channel0.rank0.bank7.subarray0.actWaits 2187
i0.defaultMemory.channel0.FRFCFS.channel0.rank0.bank7.subarray0.actWaitTotal 37262
i0.defaultMemory.channel0.FRFCFS.channel0.rank0.bank7.subarray0.actWaitAverage 17.038
i0.defaultMemory.channel0.FRFCFS.channel0.rank0.bank7.subarray0.worstCaseWrite 0
i0.defaultMemory.channel0.FRFCFS.channel0.rank0.bank7.subarray0.num00Writes 0
i0.defaultMemory.channel0.FRFCFS.channel0.rank0.bank7.subarray0.num01Writes 0
i0.defaultMemory.channel0.FRFCFS.channel0.rank0.bank7.subarray0.num10Writes 0
i0.defaultMemory.channel0.FRFCFS.channel0.rank0.bank7.subarray0.num11Writes 0
i0.defaultMemory.channel0.FRFCFS.channel0.rank0.bank7.subarray0.averageWriteTime 0
i0.defaultMemory.channel0.FRFCFS.channel0.rank0.bank7.subarray0.measuredWriteTimes 120
i0.defaultMemory.channel0.FRFCFS.channel0.rank0.bank7.subarray0.mlcTimingHisto {}
i0.defaultMemory.channel0.FRFCFS.channel0.rank0.bank7.subarray0.cancelCountHisto {0: 119}
i0.defaultMemory.channel0.FRFCFS.channel0.rank0.bank7.subarray0.wpPauseHisto {}
i0.defaultMemory.channel0.FRFCFS.channel0.rank0.bank7.subarray0.wpCancelHisto {}
i0.defaultMemory.channel0.FRFCFS.channel0.rank0.bank7.bankEnergy 211703mA*t
i0.defaultMemory.channel0.FRFCFS.channel0.rank0.bank7.activeEnergy 58023mA*t
i0.defaultMemory.channel0.FRFCFS.channel0.rank0.bank7.burstEnergy 104460mA*t
i0.defaultMemory.channel0.FRFCFS.channel0.rank0.bank7.refreshEnergy 49220mA*t
i0.defaultMemory.channel0.FRFCFS.channel0.rank0.bank7.bankPower 0.00264629W
i0.defaultMemory.channel0.FRFCFS.channel0.rank0.bank7.activePower 0.000725287W
i0.defaultMemory.channel0.FRFCFS.channel0.rank0.bank7.burstPower 0.00130575W
i0.defaultMemory.channel0.FRFCFS.channel0.rank0.bank7.refreshPower 0.00061525W
i0.defaultMemory.channel0.FRFCFS.channel0.rank0.bank7.bandwidth 2783.71MB/s
i0.defaultMemory.channel0.FRFCFS.channel0.rank0.bank7.dataCycles 6944
i0.defaultMemory.channel0.FRFCFS.channel0.rank0.bank7.powerCycles 106326
i0.defaultMemory.channel0.FRFCFS.channel0.rank0.bank7.utilization 0.0653086
i0.defaultMemory.channel0.FRFCFS.channel0.rank0.bank7.reads 1616
i0.defaultMemory.channel0.FRFCFS.channel0.rank0.bank7.writes 120
i0.defaultMemory.channel0.FRFCFS.channel0.rank0.bank7.activates 307
i0.defaultMemory.channel0.FRFCFS.channel0.rank0.bank7.precharges 307
i0.defaultMemory.channel0.FRFCFS.channel0.rank0.bank7.refreshes 23
i0.defaultMemory.channel0.FRFCFS.channel0.rank0.bank7.activeCycles 85631
i0.defaultMemory.channel0.FRFCFS.channel0.rank0.bank7.standbyCycles 20695
i0.defaultMemory.channel0.FRFCFS.channel0.rank0.bank7.fastExitActiveCycles 9722
i0.defaultMemory.channel0.FRFCFS.channel0.rank0.bank7.fastExitPrechargeCycles 3952
i0.defaultMemory.channel0.FRFCFS.channel0.rank0.bank7.slowExitPrechargeCycles 0
i0.defaultMemory.channel0.FRFCFS.channel0.rank0.bank7.actWaits 0
i0.defaultMemory.channel0.FRFCFS.channel0.rank0.bank7.actWaitTotal 0
i0.defaultMemory.channel0.FRFCFS.channel0.rank0.bank7.actWaitAverage -nan
i0.defaultMemory.channel0.FRFCFS.channel0.rank0.bank7.averageEndurance 0
i0.defaultMemory.channel0.FRFCFS.channel0.rank0.bank7.worstCaseEndurance 18446744073709551615
i0.defaultMemory.channel0.FRFCFS.channel0.rank0.totalEnergy 1.00864e+08mA*t
i0.defaultMemory.channel0.FRFCFS.channel0.rank0.backgroundEnergy 7.5662e+07mA*t
i0.defaultMemory.channel0.FRFCFS.channel0.rank0.activateEnergy 7.27574e+06mA*t
i0.defaultMemory.channel0.FRFCFS.channel0.rank0.burstEnergy 1.16258e+07mA*t
i0.defaultMemory.channel0.FRFCFS.channel0.rank0.refreshEnergy 6.30016e+06mA*t
i0.defaultMemory.channel0.FRFCFS.channel0.rank0.totalPower 0.374132W
i0.defaultMemory.channel0.FRFCFS.channel0.rank0.backgroundPower 0.059111W
i0.defaultMemory.channel0.FRFCFS.channel0.rank0.activatePower 0.0909468W
i0.defaultMemory.channel0.FRFCFS.channel0.rank0.burstPower 0.145322W
i0.defaultMemory.channel0.FRFCFS.channel0.rank0.refreshPower 0.078752W
i0.defaultMemory.channel0.FRFCFS.channel0.rank0.reads 10956
i0.defaultMemory.channel0.FRFCFS.channel0.rank0.writes 1108
i0.defaultMemory.channel0.FRFCFS.channel0.rank0.activeCycles 105910
i0.defaultMemory.channel0.FRFCFS.channel0.rank0.standbyCycles 416
i0.defaultMemory.channel0.FRFCFS.channel0.rank0.fastExitActiveCycles 13373
i0.defaultMemory.channel0.FRFCFS.channel0.rank0.fastExitPrechargeCycles 301
i0.defaultMemory.channel0.FRFCFS.channel0.rank0.slowExitCycles 0
i0.defaultMemory.channel0.FRFCFS.channel0.rank0.actWaits 3121
i0.defaultMemory.channel0.FRFCFS.channel0.rank0.actWaitTotal 7375
i0.defaultMemory.channel0.FRFCFS.channel0.rank0.actWaitAverage 2.36302
i0.defaultMemory.channel0.FRFCFS.channel0.rank0.rrdWaits 3123
i0.defaultMemory.channel0.FRFCFS.channel0.rank0.rrdWaitTotal 7378
i0.defaultMemory.channel0.FRFCFS.channel0.rank0.rrdWaitAverage 2.36247
i0.defaultMemory.channel0.FRFCFS.channel0.rank0.fawWaits 178
i0.defaultMemory.channel0.FRFCFS.channel0.rank0.fawWaitTotal 529
i0.defaultMemory.channel0.FRFCFS.channel0.rank0.fawWaitAverage 2.97191
i0.defaultMemory.channel0.FRFCFS.channel0.rank1.bank0.subarray0.subArrayEnergy 276806mA*t
i0.defaultMemory.channel0.FRFCFS.channel0.rank1.bank0.subarray0.activeEnergy 77301mA*t
i0.defaultMemory.channel0.FRFCFS.channel0.rank1.bank0.subarray0.burstEnergy 152425mA*t
i0.defaultMemory.channel0.FRFCFS.channel0.rank1.bank0.subarray0.refreshEnergy 47080mA*t
i0.defaultMemory.channel0.FRFCFS.channel0.rank1.bank0.subarray0.cancelledWrites 0
i0.defaultMemory.channel0.FRFCFS.channel0.rank1.bank0.subarray0.cancelledWriteTime 0
i0.defaultMemory.channel0.FRFCFS.channel0.rank1.bank0.subarray0.pausedWrites 0
i0.defaultMemory.channel0.FRFCFS.channel0.rank1.bank0.subarray0.averagePausesPerRequest 0
i0.defaultMemory.channel0.FRFCFS.channel0.rank1.bank0.subarray0.measuredPauses 154
i0.defaultMemory.channel0.FRFCFS.channel0.rank1.bank0.subarray0.averagePausedRequestProgress 0
i0.defaultMemory.channel0.FRFCFS.channel0.rank1.bank0.subarray0.measuredProgresses 0
i0.defaultMemory.channel0.FRFCFS.channel0.rank1.bank0.subarray0.reads 2380
i0.defaultMemory.channel0.FRFCFS.channel0.rank1.bank0.subarray0.writes 154
i0.defaultMemory.channel0.FRFCFS.channel0.rank1.bank0.subarray0.activates 409
i0.defaultMemory.channel0.FRFCFS.channel0.rank1.bank0.subarray0.precharges 408
i0.defaultMemory.channel0.FRFCFS.channel0.rank1.bank0.subarray0.refreshes 22
i0.defaultMemory.channel0.FRFCFS.channel0.rank1.bank0.subarray0.worstCaseEndurance 18446744073709551615
i0.defaultMemory.channel0.FRFCFS.channel0.rank1.bank0.subarray0.averageEndurance 0
i0.defaultMemory.channel0.FRFCFS.channel0.rank1.bank0.subarray0.actWaits 3183
i0.defaultMemory.channel0.FRFCFS.channel0.rank1.bank0.subarray0.actWaitTotal 44113
i0.defaultMemory.channel0.FRFCFS.channel0.rank1.bank0.subarray0.actWaitAverage 13.8589
i0.defaultMemory.channel0.FRFCFS.channel0.rank1.bank0.subarray0.worstCaseWrite 0
i0.defaultMemory.channel0.FRFCFS.channel0.rank1.bank0.subarray0.num00Writes 0
i0.defaultMemory.channel0.FRFCFS.channel0.rank1.bank0.subarray0.num01Writes 0
i0.defaultMemory.channel0.FRFCFS.channel0.rank1.bank0.subarray0.num10Writes 0
i0.defaultMemory.channel0.FRFCFS.channel0.rank1.bank0.subarray0.num11Writes 0
i0.defaultMemory.channel0.FRFCFS.channel0.rank1.bank0.subarray0.averageWriteTime 0
i0.defaultMemory.channel0.FRFCFS.channel0.rank1.bank0.subarray0.measuredWriteTimes 154
i0.defaultMemory.channel0.FRFCFS.channel0.rank1.bank0.subarray0.mlcTimingHisto {}
i0.defaultMemory.channel0.FRFCFS.channel0.rank1.bank0.subarray0.cancelCountHisto {0: 153}
i0.defaultMemory.channel0.FRFCFS.channel0.rank1.bank0.subarray0.wpPauseHisto {}
i0.defaultMemory.channel0.FRFCFS.channel0.rank1.bank0.subarray0.wpCancelHisto {}
i0.defaultMemory.channel0.FRFCFS.channel0.rank1.bank0.bankEnergy 276806mA*t
i0.defaultMemory.channel0.FRFCFS.channel0.rank1.bank0.activeEnergy 77301mA*t
i0.defaultMemory.channel0.FRFCFS.channel0.rank1.bank0.burstEnergy 152425mA*t
i0.defaultMemory.channel0.FRFCFS.channel0.rank1.bank0.refreshEnergy 47080mA*t
i0.defaultMemory.channel0.FRFCFS.channel0.rank1.bank0.bankPower 0.00346007W
i0.defaultMemory.channel0.FRFCFS.channel0.rank1.bank0.activePower 0.000966263W
i0.defaultMemory.channel0.FRFCFS.channel0.rank1.bank0.burstPower 0.00190531W
i0.defaultMemory.channel0.FRFCFS.channel0.rank1.bank0.refreshPower 0.0005885W
i0.defaultMemory.channel0.FRFCFS.channel0.rank1.bank0.bandwidth 3818.3MB/s
i0.defaultMemory.channel0.FRFCFS.channel0.rank1.bank0.dataCycles 10136
i0.defaultMemory.channel0.FRFCFS.channel0.rank1.bank0.powerCycles 113149
i0.defaultMemory.channel0.FRFCFS.channel0.rank1.bank0.utilization 0.089581
i0.defaultMemory.channel0.FRFCFS.channel0.rank1.bank0.reads 2380
i0.defaultMemory.channel0.FRFCFS.channel0.rank1.bank0.writes 154
i0.defaultMemory.channel0.FRFCFS.channel0.rank1.bank0.activates 409
i0.defaultMemory.channel0.FRFCFS.channel0.rank1.bank0.precharges 408
i0.defaultMemory.channel0.FRFCFS.channel0.rank1.bank0.refreshes 22
i0.defaultMemory.channel0.FRFCFS.channel0.rank1.bank0.activeCycles 97151
i0.defaultMemory.channel0.FRFCFS.channel0.rank1.bank0.standbyCycles 15998
i0.defaultMemory.channel0.FRFCFS.channel0.rank1.bank0.fastExitActiveCycles 6567
i0.defaultMemory.channel0.FRFCFS.channel0.rank1.bank0.fastExitPrechargeCycles 284
i0.defaultMemory.channel0.FRFCFS.channel0.rank1.bank0.slowExitPrechargeCycles 0
i0.defaultMemory.channel0.FRFCFS.channel0.rank1.bank0.actWaits 5
i0.defaultMemory.channel0.FRFCFS.channel0.rank1.bank0.actWaitTotal 18
i0.defaultMemory.channel0.FRFCFS.channel0.rank1.bank0.actWaitAverage 3.6
i0.defaultMemory.channel0.FRFCFS.channel0.rank1.bank0.averageEndurance 0
i0.defaultMemory.channel0.FRFCFS.channel0.rank1.bank0.worstCaseEndurance 18446744073709551615
i0.defaultMemory.channel0.FRFCFS.channel0.rank1.bank1.subarray0.subArrayEnergy 263956mA*t
i0.defaultMemory.channel0.FRFCFS.channel0.rank1.bank1.subarray0.activeEnergy 92799mA*t
i0.defaultMemory.channel0.FRFCFS.channel0.rank1.bank1.subarray0.burstEnergy 124078mA*t
i0.defaultMemory.channel0.FRFCFS.channel0.rank1.bank1.subarray0.refreshEnergy 47080mA*t
i0.defaultMemory.channel0.FRFCFS.channel0.rank1.bank1.subarray0.cancelledWrites 0
i0.defaultMemory.channel0.FRFCFS.channel0.rank1.bank1.subarray0.cancelledWriteTime 0
i0.defaultMemory.channel0.FRFCFS.channel0.rank1.bank1.subarray0.pausedWrites 0
i0.defaultMemory.channel0.FRFCFS.channel0.rank1.bank1.subarray0.averagePausesPerRequest 0
i0.defaultMemory.channel0.FRFCFS.channel0.rank1.bank1.subarray0.measuredPauses 263
i0.defaultMemory.channel0.FRFCFS.channel0.rank1.bank1.subarray0.averagePausedRequestProgress 0
i0.defaultMemory.channel0.FRFCFS.channel0.rank1.bank1.subarray0.measuredProgresses 0
i0.defaultMemory.channel0.FRFCFS.channel0.rank1.bank1.subarray0.reads 1794
i0.defaultMemory.channel0.FRFCFS.channel0.rank1.bank1.subarray0.writes 263
i0.defaultMemory.channel0.FRFCFS.channel0.rank1.bank1.subarray0.activates 491
i0.defaultMemory.channel0.FRFCFS.channel0.rank1.bank1.subarray0.precharges 490
i0.defaultMemory.channel0.FRFCFS.channel0.rank1.bank1.subarray0.refreshes 22
i0.defaultMemory.channel0.FRFCFS.channel0.rank1.bank1.subarray0.worstCaseEndurance 18446744073709551615
i0.defaultMemory.channel0.FRFCFS.channel0.rank1.bank1.subarray0.averageEndurance 0
i0.defaultMemory.channel0.FRFCFS.channel0.rank1.bank1.subarray0.actWaits 4150
i0.defaultMemory.channel0.FRFCFS.channel0.rank1.bank1.subarray0.actWaitTotal 76424
i0.defaultMemory.channel0.FRFCFS.channel0.rank1.bank1.subarray0.actWaitAverage 18.4154
i0.defaultMemory.channel0.FRFCFS.channel0.rank1.bank1.subarray0.worstCaseWrite 0
i0.defaultMemory.channel0.FRFCFS.channel0.rank1.bank1.subarray0.num00Writes 0
i0.defaultMemory.channel0.FRFCFS.channel0.rank1.bank1.subarray0.num01Writes 0
i0.defaultMemory.channel0.FRFCFS.channel0.rank1.bank1.subarray0.num10Writes 0
i0.defaultMemory.channel0.FRFCFS.channel0.rank1.bank1.subarray0.num11Writes 0
i0.defaultMemory.channel0.FRFCFS.channel0.rank1.bank1.subarray0.averageWriteTime 0
i0.defaultMemory.channel0.FRFCFS.channel0.rank1.bank1.subarray0.measuredWriteTimes 263
i0.defaultMemory.channel0.FRFCFS.channel0.rank1.bank1.subarray0.mlcTimingHisto {}
i0.defaultMemory.channel0.FRFCFS.channel0.rank1.bank1.subarray0.cancelCountHisto {0: 262}
i0.defaultMemory.channel0.FRFCFS.channel0.rank1.bank1.subarray0.wpPauseHisto {}
i0.defaultMemory.channel0.FRFCFS.channel0.rank1.bank1.subarray0.wpCancelHisto {}
i0.defaultMemory.channel0.FRFCFS.channel0.rank1.bank1.bankEnergy 263956mA*t
i0.defaultMemory.channel0.FRFCFS.channel0.rank1.bank1.activeEnergy 92799mA*t
i0.defaultMemory.channel0.FRFCFS.channel0.rank1.bank1.burstEnergy 124078mA*t
i0.defaultMemory.channel0.FRFCFS.channel0.rank1.bank1.refreshEnergy 47080mA*t
i0.defaultMemory.channel0.FRFCFS.channel0.rank1.bank1.bankPower 0.00329946W
i0.defaultMemory.channel0.FRFCFS.channel0.rank1.bank1.activePower 0.00115999W
i0.defaultMemory.channel0.FRFCFS.channel0.rank1.bank1.burstPower 0.00155097W
i0.defaultMemory.channel0.FRFCFS.channel0.rank1.bank1.refreshPower 0.0005885W
i0.defaultMemory.channel0.FRFCFS.channel0.rank1.bank1.bandwidth 3099.54MB/s
i0.defaultMemory.channel0.FRFCFS.channel0.rank1.bank1.dataCycles 8228
i0.defaultMemory.channel0.FRFCFS.channel0.rank1.bank1.powerCycles 113149
i0.defaultMemory.channel0.FRFCFS.channel0.rank1.bank1.utilization 0.0727183
i0.defaultMemory.channel0.FRFCFS.channel0.rank1.bank1.reads 1794
i0.defaultMemory.channel0.FRFCFS.channel0.rank1.bank1.writes 263
i0.defaultMemory.channel0.FRFCFS.channel0.rank1.bank1.activates 491
i0.defaultMemory.channel0.FRFCFS.channel0.rank1.bank1.precharges 490
i0.defaultMemory.channel0.FRFCFS.channel0.rank1.bank1.refreshes 22
i0.defaultMemory.channel0.FRFCFS.channel0.rank1.bank1.activeCycles 93625
i0.defaultMemory.channel0.FRFCFS.channel0.rank1.bank1.standbyCycles 19524
i0.defaultMemory.channel0.FRFCFS.channel0.rank1.bank1.fastExitActiveCycles 5634
i0.defaultMemory.channel0.FRFCFS.channel0.rank1.bank1.fastExitPrechargeCycles 1217
i0.defaultMemory.channel0.FRFCFS.channel0.rank1.bank1.slowExitPrechargeCycles 0
i0.defaultMemory.channel0.FRFCFS.channel0.rank1.bank1.actWaits 1
i0.defaultMemory.channel0.FRFCFS.channel0.rank1.bank1.actWaitTotal 1
i0.defaultMemory.channel0.FRFCFS.channel0.rank1.bank1.actWaitAverage 1
i0.defaultMemory.channel0.FRFCFS.channel0.rank1.bank1.averageEndurance 0
i0.defaultMemory.channel0.FRFCFS.channel0.rank1.bank1.worstCaseEndurance 18446744073709551615
i0.defaultMemory.channel0.FRFCFS.channel0.rank1.bank2.subarray0.subArrayEnergy 169332mA*t
i0.defaultMemory.channel0.FRFCFS.channel0.rank1.bank2.subarray0.activeEnergy 43470mA*t
i0.defaultMemory.channel0.FRFCFS.channel0.rank1.bank2.subarray0.burstEnergy 78782.5mA*t
i0.defaultMemory.channel0.FRFCFS.channel0.rank1.bank2.subarray0.refreshEnergy 47080mA*t
i0.defaultMemory.channel0.FRFCFS.channel0.rank1.bank2.subarray0.cancelledWrites 0
i0.defaultMemory.channel0.FRFCFS.channel0.rank1.bank2.subarray0.cancelledWriteTime 0
i0.defaultMemory.channel0.FRFCFS.channel0.rank1.bank2.subarray0.pausedWrites 0
i0.defaultMemory.channel0.FRFCFS.channel0.rank1.bank2.subarray0.averagePausesPerRequest 0
i0.defaultMemory.channel0.FRFCFS.channel0.rank1.bank2.subarray0.measuredPauses 73
i0.defaultMemory.channel0.FRFCFS.channel0.rank1.bank2.subarray0.averagePausedRequestProgress 0
i0.defaultMemory.channel0.FRFCFS.channel0.rank1.bank2.subarray0.measuredProgresses 0
i0.defaultMemory.channel0.FRFCFS.channel0.rank1.bank2.subarray0.reads 1237
i0.defaultMemory.channel0.FRFCFS.channel0.rank1.bank2.subarray0.writes 73
i0.defaultMemory.channel0.FRFCFS.channel0.rank1.bank2.subarray0.activates 230
i0.defaultMemory.channel0.FRFCFS.channel0.rank1.bank2.subarray0.precharges 229
i0.defaultMemory.channel0.FRFCFS.channel0.rank1.bank2.subarray0.refreshes 22
i0.defaultMemory.channel0.FRFCFS.channel0.rank1.bank2.subarray0.worstCaseEndurance 18446744073709551615
i0.defaultMemory.channel0.FRFCFS.channel0.rank1.bank2.subarray0.averageEndurance 0
i0.defaultMemory.channel0.FRFCFS.channel0.rank1.bank2.subarray0.actWaits 1744
i0.defaultMemory.channel0.FRFCFS.channel0.rank1.bank2.subarray0.actWaitTotal 30451
i0.defaultMemory.channel0.FRFCFS.channel0.rank1.bank2.subarray0.actWaitAverage 17.4604
i0.defaultMemory.channel0.FRFCFS.channel0.rank1.bank2.subarray0.worstCaseWrite 0
i0.defaultMemory.channel0.FRFCFS.channel0.rank1.bank2.subarray0.num00Writes 0
i0.defaultMemory.channel0.FRFCFS.channel0.rank1.bank2.subarray0.num01Writes 0
i0.defaultMemory.channel0.FRFCFS.channel0.rank1.bank2.subarray0.num10Writes 0
i0.defaultMemory.channel0.FRFCFS.channel0.rank1.bank2.subarray0.num11Writes 0
i0.defaultMemory.channel0.FRFCFS.channel0.rank1.bank2.subarray0.averageWriteTime 0
i0.defaultMemory.channel0.FRFCFS.channel0.rank1.bank2.subarray0.measuredWriteTimes 73
i0.defaultMemory.channel0.FRFCFS.channel0.rank1.bank2.subarray0.mlcTimingHisto {}
i0.defaultMemory.channel0.FRFCFS.channel0.rank1.bank2.subarray0.cancelCountHisto {0: 72}
i0.defaultMemory.channel0.FRFCFS.channel0.rank1.bank2.subarray0.wpPauseHisto {}
i0.defaultMemory.channel0.FRFCFS.channel0.rank1.bank2.subarray0.wpCancelHisto {}
i0.defaultMemory.channel0.FRFCFS.channel0.rank1.bank2.bankEnergy 169332mA*t
i0.defaultMemory.channel0.FRFCFS.channel0.rank1.bank2.activeEnergy 43470mA*t
i0.defaultMemory.channel0.FRFCFS.channel0.rank1.bank2.burstEnergy 78782.5mA*t
i0.defaultMemory.channel0.FRFCFS.channel0.rank1.bank2.refreshEnergy 47080mA*t
i0.defaultMemory.channel0.FRFCFS.channel0.rank1.bank2.bankPower 0.00211666W
i0.defaultMemory.channel0.FRFCFS.channel0.rank1.bank2.activePower 0.000543375W
i0.defaultMemory.channel0.FRFCFS.channel0.rank1.bank2.burstPower 0.000984781W
i0.defaultMemory.channel0.FRFCFS.channel0.rank1.bank2.refreshPower 0.0005885W
i0.defaultMemory.channel0.FRFCFS.channel0.rank1.bank2.bandwidth 1973.94MB/s
i0.defaultMemory.channel0.FRFCFS.channel0.rank1.bank2.dataCycles 5240
i0.defaultMemory.channel0.FRFCFS.channel0.rank1.bank2.powerCycles 113149
i0.defaultMemory.channel0.FRFCFS.channel0.rank1.bank2.utilization 0.0463106
i0.defaultMemory.channel0.FRFCFS.channel0.rank1.bank2.reads 1237
i0.defaultMemory.channel0.FRFCFS.channel0.rank1.bank2.writes 73
i0.defaultMemory.channel0.FRFCFS.channel0.rank1.bank2.activates 230
i0.defaultMemory.channel0.FRFCFS.channel0.rank1.bank2.precharges 229
i0.defaultMemory.channel0.FRFCFS.channel0.rank1.bank2.refreshes 22
i0.defaultMemory.channel0.FRFCFS.channel0.rank1.bank2.activeCycles 81933
i0.defaultMemory.channel0.FRFCFS.channel0.rank1.bank2.standbyCycles 31216
i0.defaultMemory.channel0.FRFCFS.channel0.rank1.bank2.fastExitActiveCycles 6010
i0.defaultMemory.channel0.FRFCFS.channel0.rank1.bank2.fastExitPrechargeCycles 841
i0.defaultMemory.channel0.FRFCFS.channel0.rank1.bank2.slowExitPrechargeCycles 0
i0.defaultMemory.channel0.FRFCFS.channel0.rank1.bank2.actWaits 9
i0.defaultMemory.channel0.FRFCFS.channel0.rank1.bank2.actWaitTotal 28
i0.defaultMemory.channel0.FRFCFS.channel0.rank1.bank2.actWaitAverage 3.11111
i0.defaultMemory.channel0.FRFCFS.channel0.rank1.bank2.averageEndurance 0
i0.defaultMemory.channel0.FRFCFS.channel0.rank1.bank2.worstCaseEndurance 18446744073709551615
i0.defaultMemory.channel0.FRFCFS.channel0.rank1.bank3.subarray0.subArrayEnergy 188759mA*t
i0.defaultMemory.channel0.FRFCFS.channel0.rank1.bank3.subarray0.activeEnergy 57834mA*t
i0.defaultMemory.channel0.FRFCFS.channel0.rank1.bank3.subarray0.burstEnergy 83845mA*t
i0.defaultMemory.channel0.FRFCFS.channel0.rank1.bank3.subarray0.refreshEnergy 47080mA*t
i0.defaultMemory.channel0.FRFCFS.channel0.rank1.bank3.subarray0.cancelledWrites 0
i0.defaultMemory.channel0.FRFCFS.channel0.rank1.bank3.subarray0.cancelledWriteTime 0
i0.defaultMemory.channel0.FRFCFS.channel0.rank1.bank3.subarray0.pausedWrites 0
i0.defaultMemory.channel0.FRFCFS.channel0.rank1.bank3.subarray0.averagePausesPerRequest 0
i0.defaultMemory.channel0.FRFCFS.channel0.rank1.bank3.subarray0.measuredPauses 130
i0.defaultMemory.channel0.FRFCFS.channel0.rank1.bank3.subarray0.averagePausedRequestProgress 0
i0.defaultMemory.channel0.FRFCFS.channel0.rank1.bank3.subarray0.measuredProgresses 0
i0.defaultMemory.channel0.FRFCFS.channel0.rank1.bank3.subarray0.reads 1262
i0.defaultMemory.channel0.FRFCFS.channel0.rank1.bank3.subarray0.writes 130
i0.defaultMemory.channel0.FRFCFS.channel0.rank1.bank3.subarray0.activates 306
i0.defaultMemory.channel0.FRFCFS.channel0.rank1.bank3.subarray0.precharges 305
i0.defaultMemory.channel0.FRFCFS.channel0.rank1.bank3.subarray0.refreshes 22
i0.defaultMemory.channel0.FRFCFS.channel0.rank1.bank3.subarray0.worstCaseEndurance 18446744073709551615
i0.defaultMemory.channel0.FRFCFS.channel0.rank1.bank3.subarray0.averageEndurance 0
i0.defaultMemory.channel0.FRFCFS.channel0.rank1.bank3.subarray0.actWaits 2294
i0.defaultMemory.channel0.FRFCFS.channel0.rank1.bank3.subarray0.actWaitTotal 37380
i0.defaultMemory.channel0.FRFCFS.channel0.rank1.bank3.subarray0.actWaitAverage 16.2947
i0.defaultMemory.channel0.FRFCFS.channel0.rank1.bank3.subarray0.worstCaseWrite 0
i0.defaultMemory.channel0.FRFCFS.channel0.rank1.bank3.subarray0.num00Writes 0
i0.defaultMemory.channel0.FRFCFS.channel0.rank1.bank3.subarray0.num01Writes 0
i0.defaultMemory.channel0.FRFCFS.channel0.rank1.bank3.subarray0.num10Writes 0
i0.defaultMemory.channel0.FRFCFS.channel0.rank1.bank3.subarray0.num11Writes 0
i0.defaultMemory.channel0.FRFCFS.channel0.rank1.bank3.subarray0.averageWriteTime 0
i0.defaultMemory.channel0.FRFCFS.channel0.rank1.bank3.subarray0.measuredWriteTimes 130
i0.defaultMemory.channel0.FRFCFS.channel0.rank1.bank3.subarray0.mlcTimingHisto {}
i0.defaultMemory.channel0.FRFCFS.channel0.rank1.bank3.subarray0.cancelCountHisto {0: 129}
i0.defaultMemory.channel0.FRFCFS.channel0.rank1.bank3.subarray0.wpPauseHisto {}
i0.defaultMemory.channel0.FRFCFS.channel0.rank1.bank3.subarray0.wpCancelHisto {}
i0.defaultMemory.channel0.FRFCFS.channel0.rank1.bank3.bankEnergy 188759mA*t
i0.defaultMemory.channel0.FRFCFS.channel0.rank1.bank3.activeEnergy 57834mA*t
i0.defaultMemory.channel0.FRFCFS.channel0.rank1.bank3.burstEnergy 83845mA*t
i0.defaultMemory.channel0.FRFCFS.channel0.rank1.bank3.refreshEnergy 47080mA*t
i0.defaultMemory.channel0.FRFCFS.channel0.rank1.bank3.bankPower 0.00235949W
i0.defaultMemory.channel0.FRFCFS.channel0.rank1.bank3.activePower 0.000722925W
i0.defaultMemory.channel0.FRFCFS.channel0.rank1.bank3.burstPower 0.00104806W
i0.defaultMemory.channel0.FRFCFS.channel0.rank1.bank3.refreshPower 0.0005885W
i0.defaultMemory.channel0.FRFCFS.channel0.rank1.bank3.bandwidth 2097.5MB/s
i0.defaultMemory.channel0.FRFCFS.channel0.rank1.bank3.dataCycles 5568
i0.defaultMemory.channel0.FRFCFS.channel0.rank1.bank3.powerCycles 113149
i0.defaultMemory.channel0.FRFCFS.channel0.rank1.bank3.utilization 0.0492094
i0.defaultMemory.channel0.FRFCFS.channel0.rank1.bank3.reads 1262
i0.defaultMemory.channel0.FRFCFS.channel0.rank1.bank3.writes 130
i0.defaultMemory.channel0.FRFCFS.channel0.rank1.bank3.activates 306
i0.defaultMemory.channel0.FRFCFS.channel0.rank1.bank3.precharges 306
i0.defaultMemory.channel0.FRFCFS.channel0.rank1.bank3.refreshes 22
i0.defaultMemory.channel0.FRFCFS.channel0.rank1.bank3.activeCycles 91671
i0.defaultMemory.channel0.FRFCFS.channel0.rank1.bank3.standbyCycles 21478
i0.defaultMemory.channel0.FRFCFS.channel0.rank1.bank3.fastExitActiveCycles 4855
i0.defaultMemory.channel0.FRFCFS.channel0.rank1.bank3.fastExitPrechargeCycles 1996
i0.defaultMemory.channel0.FRFCFS.channel0.rank1.bank3.slowExitPrechargeCycles 0
i0.defaultMemory.channel0.FRFCFS.channel0.rank1.bank3.actWaits 5
i0.defaultMemory.channel0.FRFCFS.channel0.rank1.bank3.actWaitTotal 17
i0.defaultMemory.channel0.FRFCFS.channel0.rank1.bank3.actWaitAverage 3.4
i0.defaultMemory.channel0.FRFCFS.channel0.rank1.bank3.averageEndurance 0
i0.defaultMemory.channel0.FRFCFS.channel0.rank1.bank3.worstCaseEndurance 18446744073709551615
i0.defaultMemory.channel0.FRFCFS.channel0.rank1.bank4.subarray0.subArrayEnergy 186503mA*t
i0.defaultMemory.channel0.FRFCFS.channel0.rank1.bank4.subarray0.activeEnergy 50463mA*t
i0.defaultMemory.channel0.FRFCFS.channel0.rank1.bank4.subarray0.burstEnergy 88960mA*t
i0.defaultMemory.channel0.FRFCFS.channel0.rank1.bank4.subarray0.refreshEnergy 47080mA*t
i0.defaultMemory.channel0.FRFCFS.channel0.rank1.bank4.subarray0.cancelledWrites 0
i0.defaultMemory.channel0.FRFCFS.channel0.rank1.bank4.subarray0.cancelledWriteTime 0
i0.defaultMemory.channel0.FRFCFS.channel0.rank1.bank4.subarray0.pausedWrites 0
i0.defaultMemory.channel0.FRFCFS.channel0.rank1.bank4.subarray0.averagePausesPerRequest 0
i0.defaultMemory.channel0.FRFCFS.channel0.rank1.bank4.subarray0.measuredPauses 112
i0.defaultMemory.channel0.FRFCFS.channel0.rank1.bank4.subarray0.averagePausedRequestProgress 0
i0.defaultMemory.channel0.FRFCFS.channel0.rank1.bank4.subarray0.measuredProgresses 0
i0.defaultMemory.channel0.FRFCFS.channel0.rank1.bank4.subarray0.reads 1366
i0.defaultMemory.channel0.FRFCFS.channel0.rank1.bank4.subarray0.writes 112
i0.defaultMemory.channel0.FRFCFS.channel0.rank1.bank4.subarray0.activates 267
i0.defaultMemory.channel0.FRFCFS.channel0.rank1.bank4.subarray0.precharges 266
i0.defaultMemory.channel0.FRFCFS.channel0.rank1.bank4.subarray0.refreshes 22
i0.defaultMemory.channel0.FRFCFS.channel0.rank1.bank4.subarray0.worstCaseEndurance 18446744073709551615
i0.defaultMemory.channel0.FRFCFS.channel0.rank1.bank4.subarray0.averageEndurance 0
i0.defaultMemory.channel0.FRFCFS.channel0.rank1.bank4.subarray0.actWaits 2087
i0.defaultMemory.channel0.FRFCFS.channel0.rank1.bank4.subarray0.actWaitTotal 32603
i0.defaultMemory.channel0.FRFCFS.channel0.rank1.bank4.subarray0.actWaitAverage 15.6219
i0.defaultMemory.channel0.FRFCFS.channel0.rank1.bank4.subarray0.worstCaseWrite 0
i0.defaultMemory.channel0.FRFCFS.channel0.rank1.bank4.subarray0.num00Writes 0
i0.defaultMemory.channel0.FRFCFS.channel0.rank1.bank4.subarray0.num01Writes 0
i0.defaultMemory.channel0.FRFCFS.channel0.rank1.bank4.subarray0.num10Writes 0
i0.defaultMemory.channel0.FRFCFS.channel0.rank1.bank4.subarray0.num11Writes 0
i0.defaultMemory.channel0.FRFCFS.channel0.rank1.bank4.subarray0.averageWriteTime 0
i0.defaultMemory.channel0.FRFCFS.channel0.rank1.bank4.subarray0.measuredWriteTimes 112
i0.defaultMemory.channel0.FRFCFS.channel0.rank1.bank4.subarray0.mlcTimingHisto {}
i0.defaultMemory.channel0.FRFCFS.channel0.rank1.bank4.subarray0.cancelCountHisto {0: 111}
i0.defaultMemory.channel0.FRFCFS.channel0.rank1.bank4.subarray0.wpPauseHisto {}
i0.defaultMemory.channel0.FRFCFS.channel0.rank1.bank4.subarray0.wpCancelHisto {}
i0.defaultMemory.channel0.FRFCFS.channel0.rank1.bank4.bankEnergy 186503mA*t
i0.defaultMemory.channel0.FRFCFS.channel0.rank1.bank4.activeEnergy 50463mA*t
i0.defaultMemory.channel0.FRFCFS.channel0.rank1.bank4.burstEnergy 88960mA*t
i0.defaultMemory.channel0.FRFCFS.channel0.rank1.bank4.refreshEnergy 47080mA*t
i0.defaultMemory.channel0.FRFCFS.channel0.rank1.bank4.bankPower 0.00233129W
i0.defaultMemory.channel0.FRFCFS.channel0.rank1.bank4.activePower 0.000630787W
i0.defaultMemory.channel0.FRFCFS.channel0.rank1.bank4.burstPower 0.001112W
i0.defaultMemory.channel0.FRFCFS.channel0.rank1.bank4.refreshPower 0.0005885W
i0.defaultMemory.channel0.FRFCFS.channel0.rank1.bank4.bandwidth 2227.09MB/s
i0.defaultMemory.channel0.FRFCFS.channel0.rank1.bank4.dataCycles 5912
i0.defaultMemory.channel0.FRFCFS.channel0.rank1.bank4.powerCycles 113149
i0.defaultMemory.channel0.FRFCFS.channel0.rank1.bank4.utilization 0.0522497
i0.defaultMemory.channel0.FRFCFS.channel0.rank1.bank4.reads 1366
i0.defaultMemory.channel0.FRFCFS.channel0.rank1.bank4.writes 112
i0.defaultMemory.channel0.FRFCFS.channel0.rank1.bank4.activates 267
i0.defaultMemory.channel0.FRFCFS.channel0.rank1.bank4.precharges 266
i0.defaultMemory.channel0.FRFCFS.channel0.rank1.bank4.refreshes 22
i0.defaultMemory.channel0.FRFCFS.channel0.rank1.bank4.activeCycles 81112
i0.defaultMemory.channel0.FRFCFS.channel0.rank1.bank4.standbyCycles 32037
i0.defaultMemory.channel0.FRFCFS.channel0.rank1.bank4.fastExitActiveCycles 4857
i0.defaultMemory.channel0.FRFCFS.channel0.rank1.bank4.fastExitPrechargeCycles 1994
i0.defaultMemory.channel0.FRFCFS.channel0.rank1.bank4.slowExitPrechargeCycles 0
i0.defaultMemory.channel0.FRFCFS.channel0.rank1.bank4.actWaits 4
i0.defaultMemory.channel0.FRFCFS.channel0.rank1.bank4.actWaitTotal 16
i0.defaultMemory.channel0.FRFCFS.channel0.rank1.bank4.actWaitAverage 4
i0.defaultMemory.channel0.FRFCFS.channel0.rank1.bank4.averageEndurance 0
i0.defaultMemory.channel0.FRFCFS.channel0.rank1.bank4.worstCaseEndurance 18446744073709551615
i0.defaultMemory.channel0.FRFCFS.channel0.rank1.bank5.subarray0.subArrayEnergy 220548mA*t
i0.defaultMemory.channel0.FRFCFS.channel0.rank1.bank5.subarray0.activeEnergy 67095mA*t
i0.defaultMemory.channel0.FRFCFS.channel0.rank1.bank5.subarray0.burstEnergy 106372mA*t
i0.defaultMemory.channel0.FRFCFS.channel0.rank1.bank5.subarray0.refreshEnergy 47080mA*t
i0.defaultMemory.channel0.FRFCFS.channel0.rank1.bank5.subarray0.cancelledWrites 0
i0.defaultMemory.channel0.FRFCFS.channel0.rank1.bank5.subarray0.cancelledWriteTime 0
i0.defaultMemory.channel0.FRFCFS.channel0.rank1.bank5.subarray0.pausedWrites 0
i0.defaultMemory.channel0.FRFCFS.channel0.rank1.bank5.subarray0.averagePausesPerRequest 0
i0.defaultMemory.channel0.FRFCFS.channel0.rank1.bank5.subarray0.measuredPauses 69
i0.defaultMemory.channel0.FRFCFS.channel0.rank1.bank5.subarray0.averagePausedRequestProgress 0
i0.defaultMemory.channel0.FRFCFS.channel0.rank1.bank5.subarray0.measuredProgresses 0
i0.defaultMemory.channel0.FRFCFS.channel0.rank1.bank5.subarray0.reads 1701
i0.defaultMemory.channel0.FRFCFS.channel0.rank1.bank5.subarray0.writes 69
i0.defaultMemory.channel0.FRFCFS.channel0.rank1.bank5.subarray0.activates 355
i0.defaultMemory.channel0.FRFCFS.channel0.rank1.bank5.subarray0.precharges 354
i0.defaultMemory.channel0.FRFCFS.channel0.rank1.bank5.subarray0.refreshes 22
i0.defaultMemory.channel0.FRFCFS.channel0.rank1.bank5.subarray0.worstCaseEndurance 18446744073709551615
i0.defaultMemory.channel0.FRFCFS.channel0.rank1.bank5.subarray0.averageEndurance 0
i0.defaultMemory.channel0.FRFCFS.channel0.rank1.bank5.subarray0.actWaits 2564
i0.defaultMemory.channel0.FRFCFS.channel0.rank1.bank5.subarray0.actWaitTotal 36026
i0.defaultMemory.channel0.FRFCFS.channel0.rank1.bank5.subarray0.actWaitAverage 14.0507
i0.defaultMemory.channel0.FRFCFS.channel0.rank1.bank5.subarray0.worstCaseWrite 0
i0.defaultMemory.channel0.FRFCFS.channel0.rank1.bank5.subarray0.num00Writes 0
i0.defaultMemory.channel0.FRFCFS.channel0.rank1.bank5.subarray0.num01Writes 0
i0.defaultMemory.channel0.FRFCFS.channel0.rank1.bank5.subarray0.num10Writes 0
i0.defaultMemory.channel0.FRFCFS.channel0.rank1.bank5.subarray0.num11Writes 0
i0.defaultMemory.channel0.FRFCFS.channel0.rank1.bank5.subarray0.averageWriteTime 0
i0.defaultMemory.channel0.FRFCFS.channel0.rank1.bank5.subarray0.measuredWriteTimes 69
i0.defaultMemory.channel0.FRFCFS.channel0.rank1.bank5.subarray0.mlcTimingHisto {}
i0.defaultMemory.channel0.FRFCFS.channel0.rank1.bank5.subarray0.cancelCountHisto {0: 68}
i0.defaultMemory.channel0.FRFCFS.channel0.rank1.bank5.subarray0.wpPauseHisto {}
i0.defaultMemory.channel0.FRFCFS.channel0.rank1.bank5.subarray0.wpCancelHisto {}
i0.defaultMemory.channel0.FRFCFS.channel0.rank1.bank5.bankEnergy 220548mA*t
i0.defaultMemory.channel0.FRFCFS.channel0.rank1.bank5.activeEnergy 67095mA*t
i0.defaultMemory.channel0.FRFCFS.channel0.rank1.bank5.burstEnergy 106372mA*t
i0.defaultMemory.channel0.FRFCFS.channel0.rank1.bank5.refreshEnergy 47080mA*t
i0.defaultMemory.channel0.FRFCFS.channel0.rank1.bank5.bankPower 0.00275684W
i0.defaultMemory.channel0.FRFCFS.channel0.rank1.bank5.activePower 0.000838688W
i0.defaultMemory.channel0.FRFCFS.channel0.rank1.bank5.burstPower 0.00132966W
i0.defaultMemory.channel0.FRFCFS.channel0.rank1.bank5.refreshPower 0.0005885W
i0.defaultMemory.channel0.FRFCFS.channel0.rank1.bank5.bandwidth 2667.08MB/s
i0.defaultMemory.channel0.FRFCFS.channel0.rank1.bank5.dataCycles 7080
i0.defaultMemory.channel0.FRFCFS.channel0.rank1.bank5.powerCycles 113149
i0.defaultMemory.channel0.FRFCFS.channel0.rank1.bank5.utilization 0.0625724
i0.defaultMemory.channel0.FRFCFS.channel0.rank1.bank5.reads 1701
i0.defaultMemory.channel0.FRFCFS.channel0.rank1.bank5.writes 69
i0.defaultMemory.channel0.FRFCFS.channel0.rank1.bank5.activates 355
i0.defaultMemory.channel0.FRFCFS.channel0.rank1.bank5.precharges 354
i0.defaultMemory.channel0.FRFCFS.channel0.rank1.bank5.refreshes 22
i0.defaultMemory.channel0.FRFCFS.channel0.rank1.bank5.activeCycles 91806
i0.defaultMemory.channel0.FRFCFS.channel0.rank1.bank5.standbyCycles 21343
i0.defaultMemory.channel0.FRFCFS.channel0.rank1.bank5.fastExitActiveCycles 6538
i0.defaultMemory.channel0.FRFCFS.channel0.rank1.bank5.fastExitPrechargeCycles 313
i0.defaultMemory.channel0.FRFCFS.channel0.rank1.bank5.slowExitPrechargeCycles 0
i0.defaultMemory.channel0.FRFCFS.channel0.rank1.bank5.actWaits 4
i0.defaultMemory.channel0.FRFCFS.channel0.rank1.bank5.actWaitTotal 10
i0.defaultMemory.channel0.FRFCFS.channel0.rank1.bank5.actWaitAverage 2.5
i0.defaultMemory.channel0.FRFCFS.channel0.rank1.bank5.averageEndurance 0
i0.defaultMemory.channel0.FRFCFS.channel0.rank1.bank5.worstCaseEndurance 18446744073709551615
i0.defaultMemory.channel0.FRFCFS.channel0.rank1.bank6.subarray0.subArrayEnergy 210547mA*t
i0.defaultMemory.channel0.FRFCFS.channel0.rank1.bank6.subarray0.activeEnergy 61992mA*t
i0.defaultMemory.channel0.FRFCFS.channel0.rank1.bank6.subarray0.burstEnergy 101475mA*t
i0.defaultMemory.channel0.FRFCFS.channel0.rank1.bank6.subarray0.refreshEnergy 47080mA*t
i0.defaultMemory.channel0.FRFCFS.channel0.rank1.bank6.subarray0.cancelledWrites 0
i0.defaultMemory.channel0.FRFCFS.channel0.rank1.bank6.subarray0.cancelledWriteTime 0
i0.defaultMemory.channel0.FRFCFS.channel0.rank1.bank6.subarray0.pausedWrites 0
i0.defaultMemory.channel0.FRFCFS.channel0.rank1.bank6.subarray0.averagePausesPerRequest 0
i0.defaultMemory.channel0.FRFCFS.channel0.rank1.bank6.subarray0.measuredPauses 126
i0.defaultMemory.channel0.FRFCFS.channel0.rank1.bank6.subarray0.averagePausedRequestProgress 0
i0.defaultMemory.channel0.FRFCFS.channel0.rank1.bank6.subarray0.measuredProgresses 0
i0.defaultMemory.channel0.FRFCFS.channel0.rank1.bank6.subarray0.reads 1560
i0.defaultMemory.channel0.FRFCFS.channel0.rank1.bank6.subarray0.writes 126
i0.defaultMemory.channel0.FRFCFS.channel0.rank1.bank6.subarray0.activates 328
i0.defaultMemory.channel0.FRFCFS.channel0.rank1.bank6.subarray0.precharges 327
i0.defaultMemory.channel0.FRFCFS.channel0.rank1.bank6.subarray0.refreshes 22
i0.defaultMemory.channel0.FRFCFS.channel0.rank1.bank6.subarray0.worstCaseEndurance 18446744073709551615
i0.defaultMemory.channel0.FRFCFS.channel0.rank1.bank6.subarray0.averageEndurance 0
i0.defaultMemory.channel0.FRFCFS.channel0.rank1.bank6.subarray0.actWaits 2395
i0.defaultMemory.channel0.FRFCFS.channel0.rank1.bank6.subarray0.actWaitTotal 35253
i0.defaultMemory.channel0.FRFCFS.channel0.rank1.bank6.subarray0.actWaitAverage 14.7194
i0.defaultMemory.channel0.FRFCFS.channel0.rank1.bank6.subarray0.worstCaseWrite 0
i0.defaultMemory.channel0.FRFCFS.channel0.rank1.bank6.subarray0.num00Writes 0
i0.defaultMemory.channel0.FRFCFS.channel0.rank1.bank6.subarray0.num01Writes 0
i0.defaultMemory.channel0.FRFCFS.channel0.rank1.bank6.subarray0.num10Writes 0
i0.defaultMemory.channel0.FRFCFS.channel0.rank1.bank6.subarray0.num11Writes 0
i0.defaultMemory.channel0.FRFCFS.channel0.rank1.bank6.subarray0.averageWriteTime 0
i0.defaultMemory.channel0.FRFCFS.channel0.rank1.bank6.subarray0.measuredWriteTimes 126
i0.defaultMemory.channel0.FRFCFS.channel0.rank1.bank6.subarray0.mlcTimingHisto {}
i0.defaultMemory.channel0.FRFCFS.channel0.rank1.bank6.subarray0.cancelCountHisto {0: 125}
i0.defaultMemory.channel0.FRFCFS.channel0.rank1.bank6.subarray0.wpPauseHisto {}
i0.defaultMemory.channel0.FRFCFS.channel0.rank1.bank6.subarray0.wpCancelHisto {}
i0.defaultMemory.channel0.FRFCFS.channel0.rank1.bank6.bankEnergy 210547mA*t
i0.defaultMemory.channel0.FRFCFS.channel0.rank1.bank6.activeEnergy 61992mA*t
i0.defaultMemory.channel0.FRFCFS.channel0.rank1.bank6.burstEnergy 101475mA*t
i0.defaultMemory.channel0.FRFCFS.channel0.rank1.bank6.refreshEnergy 47080mA*t
i0.defaultMemory.channel0.FRFCFS.channel0.rank1.bank6.bankPower 0.00263184W
i0.defaultMemory.channel0.FRFCFS.channel0.rank1.bank6.activePower 0.0007749W
i0.defaultMemory.channel0.FRFCFS.channel0.rank1.bank6.burstPower 0.00126844W
i0.defaultMemory.channel0.FRFCFS.channel0.rank1.bank6.refreshPower 0.0005885W
i0.defaultMemory.channel0.FRFCFS.channel0.rank1.bank6.bandwidth 2540.51MB/s
i0.defaultMemory.channel0.FRFCFS.channel0.rank1.bank6.dataCycles 6744
i0.defaultMemory.channel0.FRFCFS.channel0.rank1.bank6.powerCycles 113149
i0.defaultMemory.channel0.FRFCFS.channel0.rank1.bank6.utilization 0.0596028
i0.defaultMemory.channel0.FRFCFS.channel0.rank1.bank6.reads 1560
i0.defaultMemory.channel0.FRFCFS.channel0.rank1.bank6.writes 126
i0.defaultMemory.channel0.FRFCFS.channel0.rank1.bank6.activates 328
i0.defaultMemory.channel0.FRFCFS.channel0.rank1.bank6.precharges 327
i0.defaultMemory.channel0.FRFCFS.channel0.rank1.bank6.refreshes 22
i0.defaultMemory.channel0.FRFCFS.channel0.rank1.bank6.activeCycles 93400
i0.defaultMemory.channel0.FRFCFS.channel0.rank1.bank6.standbyCycles 19749
i0.defaultMemory.channel0.FRFCFS.channel0.rank1.bank6.fastExitActiveCycles 6201
i0.defaultMemory.channel0.FRFCFS.channel0.rank1.bank6.fastExitPrechargeCycles 650
i0.defaultMemory.channel0.FRFCFS.channel0.rank1.bank6.slowExitPrechargeCycles 0
i0.defaultMemory.channel0.FRFCFS.channel0.rank1.bank6.actWaits 10
i0.defaultMemory.channel0.FRFCFS.channel0.rank1.bank6.actWaitTotal 34
i0.defaultMemory.channel0.FRFCFS.channel0.rank1.bank6.actWaitAverage 3.4
i0.defaultMemory.channel0.FRFCFS.channel0.rank1.bank6.averageEndurance 0
i0.defaultMemory.channel0.FRFCFS.channel0.rank1.bank6.worstCaseEndurance 18446744073709551615
i0.defaultMemory.channel0.FRFCFS.channel0.rank1.bank7.subarray0.subArrayEnergy 193697mA*t
i0.defaultMemory.channel0.FRFCFS.channel0.rank1.bank7.subarray0.activeEnergy 64827mA*t
i0.defaultMemory.channel0.FRFCFS.channel0.rank1.bank7.subarray0.burstEnergy 81790mA*t
i0.defaultMemory.channel0.FRFCFS.channel0.rank1.bank7.subarray0.refreshEnergy 47080mA*t
i0.defaultMemory.channel0.FRFCFS.channel0.rank1.bank7.subarray0.cancelledWrites 0
i0.defaultMemory.channel0.FRFCFS.channel0.rank1.bank7.subarray0.cancelledWriteTime 0
i0.defaultMemory.channel0.FRFCFS.channel0.rank1.bank7.subarray0.pausedWrites 0
i0.defaultMemory.channel0.FRFCFS.channel0.rank1.bank7.subarray0.averagePausesPerRequest 0
i0.defaultMemory.channel0.FRFCFS.channel0.rank1.bank7.subarray0.measuredPauses 148
i0.defaultMemory.channel0.FRFCFS.channel0.rank1.bank7.subarray0.averagePausedRequestProgress 0
i0.defaultMemory.channel0.FRFCFS.channel0.rank1.bank7.subarray0.measuredProgresses 0
i0.defaultMemory.channel0.FRFCFS.channel0.rank1.bank7.subarray0.reads 1209
i0.defaultMemory.channel0.FRFCFS.channel0.rank1.bank7.subarray0.writes 148
i0.defaultMemory.channel0.FRFCFS.channel0.rank1.bank7.subarray0.activates 343
i0.defaultMemory.channel0.FRFCFS.channel0.rank1.bank7.subarray0.precharges 342
i0.defaultMemory.channel0.FRFCFS.channel0.rank1.bank7.subarray0.refreshes 22
i0.defaultMemory.channel0.FRFCFS.channel0.rank1.bank7.subarray0.worstCaseEndurance 18446744073709551615
i0.defaultMemory.channel0.FRFCFS.channel0.rank1.bank7.subarray0.averageEndurance 0
i0.defaultMemory.channel0.FRFCFS.channel0.rank1.bank7.subarray0.actWaits 2770
i0.defaultMemory.channel0.FRFCFS.channel0.rank1.bank7.subarray0.actWaitTotal 50611
i0.defaultMemory.channel0.FRFCFS.channel0.rank1.bank7.subarray0.actWaitAverage 18.2711
i0.defaultMemory.channel0.FRFCFS.channel0.rank1.bank7.subarray0.worstCaseWrite 0
i0.defaultMemory.channel0.FRFCFS.channel0.rank1.bank7.subarray0.num00Writes 0
i0.defaultMemory.channel0.FRFCFS.channel0.rank1.bank7.subarray0.num01Writes 0
i0.defaultMemory.channel0.FRFCFS.channel0.rank1.bank7.subarray0.num10Writes 0
i0.defaultMemory.channel0.FRFCFS.channel0.rank1.bank7.subarray0.num11Writes 0
i0.defaultMemory.channel0.FRFCFS.channel0.rank1.bank7.subarray0.averageWriteTime 0
i0.defaultMemory.channel0.FRFCFS.channel0.rank1.bank7.subarray0.measuredWriteTimes 148
i0.defaultMemory.channel0.FRFCFS.channel0.rank1.bank7.subarray0.mlcTimingHisto {}
i0.defaultMemory.channel0.FRFCFS.channel0.rank1.bank7.subarray0.cancelCountHisto {0: 147}
i0.defaultMemory.channel0.FRFCFS.channel0.rank1.bank7.subarray0.wpPauseHisto {}
i0.defaultMemory.channel0.FRFCFS.channel0.rank1.bank7.subarray0.wpCancelHisto {}
i0.defaultMemory.channel0.FRFCFS.channel0.rank1.bank7.bankEnergy 193697mA*t
i0.defaultMemory.channel0.FRFCFS.channel0.rank1.bank7.activeEnergy 64827mA*t
i0.defaultMemory.channel0.FRFCFS.channel0.rank1.bank7.burstEnergy 81790mA*t
i0.defaultMemory.channel0.FRFCFS.channel0.rank1.bank7.refreshEnergy 47080mA*t
i0.defaultMemory.channel0.FRFCFS.channel0.rank1.bank7.bankPower 0.00242121W
i0.defaultMemory.channel0.FRFCFS.channel0.rank1.bank7.activePower 0.000810338W
i0.defaultMemory.channel0.FRFCFS.channel0.rank1.bank7.burstPower 0.00102238W
i0.defaultMemory.channel0.FRFCFS.channel0.rank1.bank7.refreshPower 0.0005885W
i0.defaultMemory.channel0.FRFCFS.channel0.rank1.bank7.bandwidth 2044.76MB/s
i0.defaultMemory.channel0.FRFCFS.channel0.rank1.bank7.dataCycles 5428
i0.defaultMemory.channel0.FRFCFS.channel0.rank1.bank7.powerCycles 113149
i0.defaultMemory.channel0.FRFCFS.channel0.rank1.bank7.utilization 0.0479721
i0.defaultMemory.channel0.FRFCFS.channel0.rank1.bank7.reads 1209
i0.defaultMemory.channel0.FRFCFS.channel0.rank1.bank7.writes 148
i0.defaultMemory.channel0.FRFCFS.channel0.rank1.bank7.activates 343
i0.defaultMemory.channel0.FRFCFS.channel0.rank1.bank7.precharges 342
i0.defaultMemory.channel0.FRFCFS.channel0.rank1.bank7.refreshes 22
i0.defaultMemory.channel0.FRFCFS.channel0.rank1.bank7.activeCycles 86233
i0.defaultMemory.channel0.FRFCFS.channel0.rank1.bank7.standbyCycles 26916
i0.defaultMemory.channel0.FRFCFS.channel0.rank1.bank7.fastExitActiveCycles 4320
i0.defaultMemory.channel0.FRFCFS.channel0.rank1.bank7.fastExitPrechargeCycles 2531
i0.defaultMemory.channel0.FRFCFS.channel0.rank1.bank7.slowExitPrechargeCycles 0
i0.defaultMemory.channel0.FRFCFS.channel0.rank1.bank7.actWaits 0
i0.defaultMemory.channel0.FRFCFS.channel0.rank1.bank7.actWaitTotal 0
i0.defaultMemory.channel0.FRFCFS.channel0.rank1.bank7.actWaitAverage -nan
i0.defaultMemory.channel0.FRFCFS.channel0.rank1.bank7.averageEndurance 0
i0.defaultMemory.channel0.FRFCFS.channel0.rank1.bank7.worstCaseEndurance 18446744073709551615
i0.defaultMemory.channel0.FRFCFS.channel0.rank1.totalEnergy 1.03598e+08mA*t
i0.defaultMemory.channel0.FRFCFS.channel0.rank1.backgroundEnergy 7.62356e+07mA*t
i0.defaultMemory.channel0.FRFCFS.channel0.rank1.activateEnergy 8.2525e+06mA*t
i0.defaultMemory.channel0.FRFCFS.channel0.rank1.burstEnergy 1.30836e+07mA*t
i0.defaultMemory.channel0.FRFCFS.channel0.rank1.refreshEnergy 6.02624e+06mA*t
i0.defaultMemory.channel0.FRFCFS.channel0.rank1.totalPower 0.401589W
i0.defaultMemory.channel0.FRFCFS.channel0.rank1.backgroundPower 0.059559W
i0.defaultMemory.channel0.FRFCFS.channel0.rank1.activatePower 0.103156W
i0.defaultMemory.channel0.FRFCFS.channel0.rank1.burstPower 0.163546W
i0.defaultMemory.channel0.FRFCFS.channel0.rank1.refreshPower 0.075328W
i0.defaultMemory.channel0.FRFCFS.channel0.rank1.reads 12509
i0.defaultMemory.channel0.FRFCFS.channel0.rank1.writes 1075
i0.defaultMemory.channel0.FRFCFS.channel0.rank1.activeCycles 112870
i0.defaultMemory.channel0.FRFCFS.channel0.rank1.standbyCycles 279
i0.defaultMemory.channel0.FRFCFS.channel0.rank1.fastExitActiveCycles 6814
i0.defaultMemory.channel0.FRFCFS.channel0.rank1.fastExitPrechargeCycles 37
i0.defaultMemory.channel0.FRFCFS.channel0.rank1.slowExitCycles 0
i0.defaultMemory.channel0.FRFCFS.channel0.rank1.actWaits 2870
i0.defaultMemory.channel0.FRFCFS.channel0.rank1.actWaitTotal 6753
i0.defaultMemory.channel0.FRFCFS.channel0.rank1.actWaitAverage 2.35296
i0.defaultMemory.channel0.FRFCFS.channel0.rank1.rrdWaits 2870
i0.defaultMemory.channel0.FRFCFS.channel0.rank1.rrdWaitTotal 6753
i0.defaultMemory.channel0.FRFCFS.channel0.rank1.rrdWaitAverage 2.35296
i0.defaultMemory.channel0.FRFCFS.channel0.rank1.fawWaits 102
i0.defaultMemory.channel0.FRFCFS.channel0.rank1.fawWaitTotal 215
i0.defaultMemory.channel0.FRFCFS.channel0.rank1.fawWaitAverage 2.10784
i0.defaultMemory.channel0.FRFCFS.mem_reads 23497
i0.defaultMemory.channel0.FRFCFS.mem_writes 2189
i0.defaultMemory.channel0.FRFCFS.rb_hits 20518
i0.defaultMemory.channel0.FRFCFS.rb_miss 5136
i0.defaultMemory.channel0.FRFCFS.starvation_precharges 2421
i0.defaultMemory.channel0.FRFCFS.averageLatency 42.0939
i0.defaultMemory.channel0.FRFCFS.averageQueueLatency 148.54
i0.defaultMemory.channel0.FRFCFS.averageTotalLatency 190.634
i0.defaultMemory.channel0.FRFCFS.measuredLatencies 25642
i0.defaultMemory.channel0.FRFCFS.measuredQueueLatencies 25642
i0.defaultMemory.channel0.FRFCFS.measuredTotalLatencies 25642
i0.defaultMemory.channel0.FRFCFS.write_pauses 0
i0.defaultMemory.channel0.FRFCFS.simulation_cycles 120000
i0.defaultMemory.channel0.FRFCFS.wakeupCount 0
i0.defaultMemory.totalReadRequests 23497
i0.defaultMemory.totalWriteRequests 2189
i0.defaultMemory.successfulPrefetches 0
i0.defaultMemory.unsuccessfulPrefetches 0
Exiting at cycle 360361 because simCycles 360361 reached.
Note: 44 requests still in-flight.
